This is pdfTeX, Version 3.141592653-2.6-1.40.25 (TeX Live 2023/Debian) (preloaded format=pdflatex 2025.7.24)  28 JUL 2025 10:16
entering extended mode
 restricted \write18 enabled.
 %&-line parsing enabled.
**Levy_5D_performance.tex
(./Levy_5D_performance.tex
LaTeX2e <2023-11-01> patch level 1
L3 programming layer <2024-01-22>
(/usr/share/texlive/texmf-dist/tex/latex/base/article.cls
Document Class: article 2023/05/17 v1.4n Standard LaTeX document class
(/usr/share/texlive/texmf-dist/tex/latex/base/size10.clo
File: size10.clo 2023/05/17 v1.4n Standard LaTeX file (size option)
)
\c@part=\count187
\c@section=\count188
\c@subsection=\count189
\c@subsubsection=\count190
\c@paragraph=\count191
\c@subparagraph=\count192
\c@figure=\count193
\c@table=\count194
\abovecaptionskip=\skip48
\belowcaptionskip=\skip49
\bibindent=\dimen140
)
(/usr/share/texlive/texmf-dist/tex/latex/booktabs/booktabs.sty
Package: booktabs 2020/01/12 v1.61803398 Publication quality tables
\heavyrulewidth=\dimen141
\lightrulewidth=\dimen142
\cmidrulewidth=\dimen143
\belowrulesep=\dimen144
\belowbottomsep=\dimen145
\aboverulesep=\dimen146
\abovetopsep=\dimen147
\cmidrulesep=\dimen148
\cmidrulekern=\dimen149
\defaultaddspace=\dimen150
\@cmidla=\count195
\@cmidlb=\count196
\@aboverulesep=\dimen151
\@belowrulesep=\dimen152
\@thisruleclass=\count197
\@lastruleclass=\count198
\@thisrulewidth=\dimen153
)
(/usr/share/texlive/texmf-dist/tex/latex/tools/array.sty
Package: array 2023/10/16 v2.5g Tabular extension package (FMi)
\col@sep=\dimen154
\ar@mcellbox=\box51
\extrarowheight=\dimen155
\NC@list=\toks17
\extratabsurround=\skip50
\backup@length=\skip51
\ar@cellbox=\box52
)
(/usr/share/texlive/texmf-dist/tex/latex/siunitx/siunitx.sty
Package: siunitx 2024-01-25 v3.3.10 A comprehensive (SI) units package
\l__siunitx_number_uncert_offset_int=\count199
\l__siunitx_number_exponent_fixed_int=\count266
\l__siunitx_number_min_decimal_int=\count267
\l__siunitx_number_min_integer_int=\count268
\l__siunitx_number_round_precision_int=\count269
\l__siunitx_number_lower_threshold_int=\count270
\l__siunitx_number_upper_threshold_int=\count271
\l__siunitx_number_group_first_int=\count272
\l__siunitx_number_group_size_int=\count273
\l__siunitx_number_group_minimum_int=\count274
\l__siunitx_angle_tmp_dim=\dimen156
\l__siunitx_angle_marker_box=\box53
\l__siunitx_angle_unit_box=\box54
\l__siunitx_compound_count_int=\count275

(/usr/share/texlive/texmf-dist/tex/latex/translations/translations.sty
Package: translations 2022/02/05 v1.12 internationalization of LaTeX2e packages
 (CN)

(/usr/share/texlive/texmf-dist/tex/latex/etoolbox/etoolbox.sty
Package: etoolbox 2020/10/05 v2.5k e-TeX tools for LaTeX (JAW)
\etb@tempcnta=\count276
)
(/usr/share/texlive/texmf-dist/tex/generic/pdftexcmds/pdftexcmds.sty
Package: pdftexcmds 2020-06-27 v0.33 Utility functions of pdfTeX for LuaTeX (HO
)

(/usr/share/texlive/texmf-dist/tex/generic/infwarerr/infwarerr.sty
Package: infwarerr 2019/12/03 v1.5 Providing info/warning/error messages (HO)
)
(/usr/share/texlive/texmf-dist/tex/generic/iftex/iftex.sty
Package: iftex 2022/02/03 v1.0f TeX engine tests
)
(/usr/share/texlive/texmf-dist/tex/generic/ltxcmds/ltxcmds.sty
Package: ltxcmds 2023-12-04 v1.26 LaTeX kernel commands for general use (HO)
)
Package pdftexcmds Info: \pdf@primitive is available.
Package pdftexcmds Info: \pdf@ifprimitive is available.
Package pdftexcmds Info: \pdfdraftmode found.
))
(/usr/share/texlive/texmf-dist/tex/latex/amsmath/amstext.sty
Package: amstext 2021/08/26 v2.01 AMS text

(/usr/share/texlive/texmf-dist/tex/latex/amsmath/amsgen.sty
File: amsgen.sty 1999/11/30 v2.0 generic functions
\@emptytoks=\toks18
\ex@=\dimen157
))
\l__siunitx_table_tmp_box=\box55
\l__siunitx_table_tmp_dim=\dimen158
\l__siunitx_table_column_width_dim=\dimen159
\l__siunitx_table_integer_box=\box56
\l__siunitx_table_decimal_box=\box57
\l__siunitx_table_uncert_box=\box58
\l__siunitx_table_before_box=\box59
\l__siunitx_table_after_box=\box60
\l__siunitx_table_before_dim=\dimen160
\l__siunitx_table_carry_dim=\dimen161
\l__siunitx_unit_tmp_int=\count277
\l__siunitx_unit_position_int=\count278
\l__siunitx_unit_total_int=\count279
)
(/usr/share/texlive/texmf-dist/tex/latex/xcolor/xcolor.sty
Package: xcolor 2023/11/15 v3.01 LaTeX color extensions (UK)

(/usr/share/texlive/texmf-dist/tex/latex/graphics-cfg/color.cfg
File: color.cfg 2016/01/02 v1.6 sample color configuration
)
Package xcolor Info: Driver file: pdftex.def on input line 274.

(/usr/share/texlive/texmf-dist/tex/latex/graphics-def/pdftex.def
File: pdftex.def 2022/09/22 v1.2b Graphics/color driver for pdftex
)
(/usr/share/texlive/texmf-dist/tex/latex/graphics/mathcolor.ltx)
Package xcolor Info: Model `cmy' substituted by `cmy0' on input line 1350.
Package xcolor Info: Model `hsb' substituted by `rgb' on input line 1354.
Package xcolor Info: Model `RGB' extended on input line 1366.
Package xcolor Info: Model `HTML' substituted by `rgb' on input line 1368.
Package xcolor Info: Model `Hsb' substituted by `hsb' on input line 1369.
Package xcolor Info: Model `tHsb' substituted by `hsb' on input line 1370.
Package xcolor Info: Model `HSB' substituted by `hsb' on input line 1371.
Package xcolor Info: Model `Gray' substituted by `gray' on input line 1372.
Package xcolor Info: Model `wave' substituted by `hsb' on input line 1373.
)
(/usr/share/texlive/texmf-dist/tex/latex/adjustbox/adjustbox.sty
Package: adjustbox 2022/10/17 v1.3a Adjusting TeX boxes (trim, clip, ...)

(/usr/share/texlive/texmf-dist/tex/latex/xkeyval/xkeyval.sty
Package: xkeyval 2022/06/16 v2.9 package option processing (HA)

(/usr/share/texlive/texmf-dist/tex/generic/xkeyval/xkeyval.tex
(/usr/share/texlive/texmf-dist/tex/generic/xkeyval/xkvutils.tex
\XKV@toks=\toks19
\XKV@tempa@toks=\toks20

(/usr/share/texlive/texmf-dist/tex/generic/xkeyval/keyval.tex))
\XKV@depth=\count280
File: xkeyval.tex 2014/12/03 v2.7a key=value parser (HA)
))
(/usr/share/texlive/texmf-dist/tex/latex/adjustbox/adjcalc.sty
Package: adjcalc 2012/05/16 v1.1 Provides advanced setlength with multiple back
-ends (calc, etex, pgfmath)
)
(/usr/share/texlive/texmf-dist/tex/latex/adjustbox/trimclip.sty
Package: trimclip 2020/08/19 v1.2 Trim and clip general TeX material

(/usr/share/texlive/texmf-dist/tex/latex/graphics/graphicx.sty
Package: graphicx 2021/09/16 v1.2d Enhanced LaTeX Graphics (DPC,SPQR)

(/usr/share/texlive/texmf-dist/tex/latex/graphics/graphics.sty
Package: graphics 2022/03/10 v1.4e Standard LaTeX Graphics (DPC,SPQR)

(/usr/share/texlive/texmf-dist/tex/latex/graphics/trig.sty
Package: trig 2021/08/11 v1.11 sin cos tan (DPC)
)
(/usr/share/texlive/texmf-dist/tex/latex/graphics-cfg/graphics.cfg
File: graphics.cfg 2016/06/04 v1.11 sample graphics configuration
)
Package graphics Info: Driver file: pdftex.def on input line 107.
)
\Gin@req@height=\dimen162
\Gin@req@width=\dimen163
)
(/usr/share/texlive/texmf-dist/tex/latex/collectbox/collectbox.sty
Package: collectbox 2022/10/17 v0.4c Collect macro arguments as boxes
\collectedbox=\box61
)
\tc@llx=\dimen164
\tc@lly=\dimen165
\tc@urx=\dimen166
\tc@ury=\dimen167
Package trimclip Info: Using driver 'tc-pdftex.def'.

(/usr/share/texlive/texmf-dist/tex/latex/adjustbox/tc-pdftex.def
File: tc-pdftex.def 2019/01/04 v2.2 Clipping driver for pdftex
))
\adjbox@Width=\dimen168
\adjbox@Height=\dimen169
\adjbox@Depth=\dimen170
\adjbox@Totalheight=\dimen171
\adjbox@pwidth=\dimen172
\adjbox@pheight=\dimen173
\adjbox@pdepth=\dimen174
\adjbox@ptotalheight=\dimen175

(/usr/share/texlive/texmf-dist/tex/latex/ifoddpage/ifoddpage.sty
Package: ifoddpage 2022/10/18 v1.2 Conditionals for odd/even page detection
\c@checkoddpage=\count281
)
(/usr/share/texlive/texmf-dist/tex/latex/varwidth/varwidth.sty
Package: varwidth 2009/03/30 ver 0.92;  Variable-width minipages
\@vwid@box=\box62
\sift@deathcycles=\count282
\@vwid@loff=\dimen176
\@vwid@roff=\dimen177
))
Package translations Info: No language package found. I am going to use `englis
h' as default language. on input line 7.

(/usr/share/texlive/texmf-dist/tex/latex/l3backend/l3backend-pdftex.def
File: l3backend-pdftex.def 2024-01-04 L3 backend support: PDF output (pdfTeX)
\l__color_backend_stack_int=\count283
\l__pdf_internal_box=\box63
)
No file Levy_5D_performance.aux.
\openout1 = `Levy_5D_performance.aux'.

LaTeX Font Info:    Checking defaults for OML/cmm/m/it on input line 7.
LaTeX Font Info:    ... okay on input line 7.
LaTeX Font Info:    Checking defaults for OMS/cmsy/m/n on input line 7.
LaTeX Font Info:    ... okay on input line 7.
LaTeX Font Info:    Checking defaults for OT1/cmr/m/n on input line 7.
LaTeX Font Info:    ... okay on input line 7.
LaTeX Font Info:    Checking defaults for T1/cmr/m/n on input line 7.
LaTeX Font Info:    ... okay on input line 7.
LaTeX Font Info:    Checking defaults for TS1/cmr/m/n on input line 7.
LaTeX Font Info:    ... okay on input line 7.
LaTeX Font Info:    Checking defaults for OMX/cmex/m/n on input line 7.
LaTeX Font Info:    ... okay on input line 7.
LaTeX Font Info:    Checking defaults for U/cmr/m/n on input line 7.
LaTeX Font Info:    ... okay on input line 7.

(/usr/share/texlive/texmf-dist/tex/latex/translations/translations-basic-dictio
nary-english.trsl
File: translations-basic-dictionary-english.trsl (english translation file `tra
nslations-basic-dictionary')
)
Package translations Info: loading dictionary `translations-basic-dictionary' f
or `english'. on input line 7.

(/usr/share/texlive/texmf-dist/tex/context/base/mkii/supp-pdf.mkii
[Loading MPS to PDF converter (version 2006.09.02).]
\scratchcounter=\count284
\scratchdimen=\dimen178
\scratchbox=\box64
\nofMPsegments=\count285
\nofMParguments=\count286
\everyMPshowfont=\toks21
\MPscratchCnt=\count287
\MPscratchDim=\dimen179
\MPnumerator=\count288
\makeMPintoPDFobject=\count289
\everyMPtoPDFconversion=\toks22
) (/usr/share/texlive/texmf-dist/tex/latex/epstopdf-pkg/epstopdf-base.sty
Package: epstopdf-base 2020-01-24 v2.11 Base part for package epstopdf
Package epstopdf-base Info: Redefining graphics rule for `.eps' on input line 4
85.

(/usr/share/texlive/texmf-dist/tex/latex/latexconfig/epstopdf-sys.cfg
File: epstopdf-sys.cfg 2010/07/13 v1.3 Configuration of (r)epstopdf for TeX Liv
e
))
LaTeX Font Info:    Trying to load font information for OMS+cmr on input line 1
0.

(/usr/share/texlive/texmf-dist/tex/latex/base/omscmr.fd
File: omscmr.fd 2023/04/13 v2.5m Standard LaTeX font definitions
)
LaTeX Font Info:    Font shape `OMS/cmr/m/n' in size <10> not available
(Font)              Font shape `OMS/cmsy/m/n' tried instead on input line 10.

! Missing $ inserted.
<inserted text> 
                $
l.10 ...sults for Levy\textbackslash{}_5D Problem}
                                                  
I've inserted a begin-math/end-math symbol since I think
you left one out. Proceed, with fingers crossed.

LaTeX Font Info:    External font `cmex10' loaded for size
(Font)              <7> on input line 10.
LaTeX Font Info:    External font `cmex10' loaded for size
(Font)              <5> on input line 10.
! Missing $ inserted.
<inserted text> 
                $
l.10 ...sults for Levy\textbackslash{}_5D Problem}
                                                  
I've inserted a begin-math/end-math symbol since I think
you left one out. Proceed, with fingers crossed.


Overfull \hbox (5.00002pt too wide) detected at line 18
$\OT1/cmr/m/n/10 142$
 []


Overfull \hbox (5.00002pt too wide) detected at line 18
$\OT1/cmr/m/n/10 100$
 []


Overfull \hbox (5.00002pt too wide) detected at line 19
$\OML/cmm/m/it/10 :\OT1/cmr/m/n/10 004$ $ []$
 []


Overfull \hbox (5.00002pt too wide) detected at line 19
$\OT1/cmr/m/n/10 139$
 []


Overfull \hbox (5.00002pt too wide) detected at line 19
$\OT1/cmr/m/n/10 100$
 []


Overfull \hbox (5.00002pt too wide) detected at line 20
$\OML/cmm/m/it/10 :\OT1/cmr/m/n/10 004$ $ []$
 []


Overfull \hbox (5.00002pt too wide) detected at line 20
$\OT1/cmr/m/n/10 137$
 []


Overfull \hbox (5.00002pt too wide) detected at line 20
$\OT1/cmr/m/n/10 100$
 []


Overfull \hbox (5.00002pt too wide) detected at line 21
$\OML/cmm/m/it/10 :\OT1/cmr/m/n/10 005$ $ []$
 []


Overfull \hbox (5.00002pt too wide) detected at line 21
$\OT1/cmr/m/n/10 222$
 []


Overfull \hbox (5.00002pt too wide) detected at line 21
$\OT1/cmr/m/n/10 100$
 []


Overfull \hbox (5.00002pt too wide) detected at line 22
$\OML/cmm/m/it/10 :\OT1/cmr/m/n/10 009$ $ []$
 []


Overfull \hbox (5.00002pt too wide) detected at line 22
$\OT1/cmr/m/n/10 261$
 []


Overfull \hbox (5.00002pt too wide) detected at line 23
$\OML/cmm/m/it/10 :\OT1/cmr/m/n/10 010$ $ []$
 []


Overfull \hbox (5.00002pt too wide) detected at line 23
$\OT1/cmr/m/n/10 531$
 []


Overfull \hbox (5.00002pt too wide) detected at line 24
$\OML/cmm/m/it/10 :\OT1/cmr/m/n/10 010$ $ []$
 []


Overfull \hbox (5.00002pt too wide) detected at line 24
$\OT1/cmr/m/n/10 241$
 []


Overfull \hbox (5.00002pt too wide) detected at line 25
$\OML/cmm/m/it/10 :\OT1/cmr/m/n/10 006$ $ []$
 []


Overfull \hbox (5.00002pt too wide) detected at line 25
$\OT1/cmr/m/n/10 361$
 []


Overfull \hbox (5.00002pt too wide) detected at line 26
$\OML/cmm/m/it/10 :\OT1/cmr/m/n/10 008$ $ []$
 []


Overfull \hbox (5.00002pt too wide) detected at line 26
$\OT1/cmr/m/n/10 712$
 []


Overfull \hbox (5.00002pt too wide) detected at line 27
$\OML/cmm/m/it/10 :\OT1/cmr/m/n/10 012$ $ []$
 []


Overfull \hbox (5.00002pt too wide) detected at line 27
$\OT1/cmr/m/n/10 557$
 []


Overfull \hbox (5.00002pt too wide) detected at line 28
$\OML/cmm/m/it/10 :\OT1/cmr/m/n/10 014$ $ []$
 []


Overfull \hbox (5.00002pt too wide) detected at line 28
$\OT1/cmr/m/n/10 335$
 []


Overfull \hbox (5.00002pt too wide) detected at line 29
$\OML/cmm/m/it/10 :\OT1/cmr/m/n/10 011$ $ []$
 []


Overfull \hbox (5.00002pt too wide) detected at line 29
$\OT1/cmr/m/n/10 335$
 []


Overfull \hbox (5.00002pt too wide) detected at line 30
$\OML/cmm/m/it/10 :\OT1/cmr/m/n/10 009$ $ []$
 []


Overfull \hbox (5.00002pt too wide) detected at line 30
$\OT1/cmr/m/n/10 196$
 []


Overfull \hbox (5.00002pt too wide) detected at line 31
$\OML/cmm/m/it/10 :\OT1/cmr/m/n/10 006$ $ []$
 []


Overfull \hbox (5.00002pt too wide) detected at line 32
$\OML/cmm/m/it/10 :\OT1/cmr/m/n/10 000$ $ []$
 []


Overfull \hbox (5.00002pt too wide) detected at line 33
$\OML/cmm/m/it/10 :\OT1/cmr/m/n/10 001$ $ []$
 []


Overfull \hbox (5.00002pt too wide) detected at line 34
$\OML/cmm/m/it/10 :\OT1/cmr/m/n/10 001$ $ []$
 []


Overfull \hbox (5.00002pt too wide) detected at line 34
$\OT1/cmr/m/n/10 502$
 []


Overfull \hbox (5.00002pt too wide) detected at line 35
$\OML/cmm/m/it/10 :\OT1/cmr/m/n/10 011$ $ []$
 []


Overfull \hbox (5.00002pt too wide) detected at line 35
$\OT1/cmr/m/n/10 602$
 []


Overfull \hbox (5.00002pt too wide) detected at line 36
$\OML/cmm/m/it/10 :\OT1/cmr/m/n/10 004$ $ []$
 []


Overfull \hbox (5.00002pt too wide) detected at line 36
$\OT1/cmr/m/n/10 502$
 []


Overfull \hbox (5.00002pt too wide) detected at line 37
$\OML/cmm/m/it/10 :\OT1/cmr/m/n/10 011$ $ []$
 []


Overfull \hbox (5.00002pt too wide) detected at line 37
$\OT1/cmr/m/n/10 502$
 []


Overfull \hbox (5.00002pt too wide) detected at line 38
$\OML/cmm/m/it/10 :\OT1/cmr/m/n/10 012$ $ []$
 []


Overfull \hbox (5.00002pt too wide) detected at line 39
$\OML/cmm/m/it/10 :\OT1/cmr/m/n/10 000$ $ []$
 []

[1

{/var/lib/texmf/fonts/map/pdftex/updmap/pdftex.map}]
(./Levy_5D_performance.aux)
 ***********
LaTeX2e <2023-11-01> patch level 1
L3 programming layer <2024-01-22>
 ***********


LaTeX Warning: Label(s) may have changed. Rerun to get cross-references right.

 ) 
Here is how much of TeX's memory you used:
 7412 strings out of 474222
 176991 string characters out of 5748733
 2004975 words of memory out of 5000000
 29623 multiletter control sequences out of 15000+600000
 558377 words of font info for 37 fonts, out of 8000000 for 9000
 1141 hyphenation exceptions out of 8191
 86i,13n,93p,288b,528s stack positions out of 10000i,1000n,20000p,200000b,200000s
</usr/share/texlive/texmf-dist/fonts/type1/public/amsfonts/cm/cmbx10.pfb></us
r/share/texlive/texmf-dist/fonts/type1/public/amsfonts/cm/cmmi10.pfb></usr/shar
e/texlive/texmf-dist/fonts/type1/public/amsfonts/cm/cmr10.pfb></usr/share/texli
ve/texmf-dist/fonts/type1/public/amsfonts/cm/cmr7.pfb></usr/share/texlive/texmf
-dist/fonts/type1/public/amsfonts/cm/cmsy10.pfb></usr/share/texlive/texmf-dist/
fonts/type1/public/amsfonts/cm/cmsy7.pfb>
Output written on Levy_5D_performance.pdf (1 page, 74206 bytes).
PDF statistics:
 38 PDF objects out of 1000 (max. 8388607)
 22 compressed objects within 1 object stream
 0 named destinations out of 1000 (max. 500000)
 1 words of extra memory for PDF output out of 10000 (max. 10000000)

