This is pdfTeX, Version 3.141592653-2.6-1.40.25 (TeX Live 2023/Debian) (preloaded format=pdflatex 2025.7.24)  28 JUL 2025 11:53
entering extended mode
 restricted \write18 enabled.
 %&-line parsing enabled.
**main_performance_table.tex
(./main_performance_table.tex
LaTeX2e <2023-11-01> patch level 1
L3 programming layer <2024-01-22>
(/usr/share/texlive/texmf-dist/tex/latex/base/article.cls
Document Class: article 2023/05/17 v1.4n Standard LaTeX document class
(/usr/share/texlive/texmf-dist/tex/latex/base/size10.clo
File: size10.clo 2023/05/17 v1.4n Standard LaTeX file (size option)
)
\c@part=\count187
\c@section=\count188
\c@subsection=\count189
\c@subsubsection=\count190
\c@paragraph=\count191
\c@subparagraph=\count192
\c@figure=\count193
\c@table=\count194
\abovecaptionskip=\skip48
\belowcaptionskip=\skip49
\bibindent=\dimen140
)
(/usr/share/texlive/texmf-dist/tex/latex/booktabs/booktabs.sty
Package: booktabs 2020/01/12 v1.61803398 Publication quality tables
\heavyrulewidth=\dimen141
\lightrulewidth=\dimen142
\cmidrulewidth=\dimen143
\belowrulesep=\dimen144
\belowbottomsep=\dimen145
\aboverulesep=\dimen146
\abovetopsep=\dimen147
\cmidrulesep=\dimen148
\cmidrulekern=\dimen149
\defaultaddspace=\dimen150
\@cmidla=\count195
\@cmidlb=\count196
\@aboverulesep=\dimen151
\@belowrulesep=\dimen152
\@thisruleclass=\count197
\@lastruleclass=\count198
\@thisrulewidth=\dimen153
)
(/usr/share/texlive/texmf-dist/tex/latex/tools/array.sty
Package: array 2023/10/16 v2.5g Tabular extension package (FMi)
\col@sep=\dimen154
\ar@mcellbox=\box51
\extrarowheight=\dimen155
\NC@list=\toks17
\extratabsurround=\skip50
\backup@length=\skip51
\ar@cellbox=\box52
)
(/usr/share/texlive/texmf-dist/tex/latex/multirow/multirow.sty
Package: multirow 2021/03/15 v2.8 Span multiple rows of a table
\multirow@colwidth=\skip52
\multirow@cntb=\count199
\multirow@dima=\skip53
\bigstrutjot=\dimen156
)
(/usr/share/texlive/texmf-dist/tex/latex/tools/longtable.sty
Package: longtable 2023-11-01 v4.19 Multi-page Table package (DPC)
\LTleft=\skip54
\LTright=\skip55
\LTpre=\skip56
\LTpost=\skip57
\LTchunksize=\count266
\LTcapwidth=\dimen157
\LT@head=\box53
\LT@firsthead=\box54
\LT@foot=\box55
\LT@lastfoot=\box56
\LT@gbox=\box57
\LT@cols=\count267
\LT@rows=\count268
\c@LT@tables=\count269
\c@LT@chunks=\count270
\LT@p@ftn=\toks18
)
(/usr/share/texlive/texmf-dist/tex/latex/xcolor/xcolor.sty
Package: xcolor 2023/11/15 v3.01 LaTeX color extensions (UK)

(/usr/share/texlive/texmf-dist/tex/latex/graphics-cfg/color.cfg
File: color.cfg 2016/01/02 v1.6 sample color configuration
)
Package xcolor Info: Driver file: pdftex.def on input line 274.

(/usr/share/texlive/texmf-dist/tex/latex/graphics-def/pdftex.def
File: pdftex.def 2022/09/22 v1.2b Graphics/color driver for pdftex
)
(/usr/share/texlive/texmf-dist/tex/latex/graphics/mathcolor.ltx)
Package xcolor Info: Model `cmy' substituted by `cmy0' on input line 1350.
Package xcolor Info: Model `hsb' substituted by `rgb' on input line 1354.
Package xcolor Info: Model `RGB' extended on input line 1366.
Package xcolor Info: Model `HTML' substituted by `rgb' on input line 1368.
Package xcolor Info: Model `Hsb' substituted by `hsb' on input line 1369.
Package xcolor Info: Model `tHsb' substituted by `hsb' on input line 1370.
Package xcolor Info: Model `HSB' substituted by `hsb' on input line 1371.
Package xcolor Info: Model `Gray' substituted by `gray' on input line 1372.
Package xcolor Info: Model `wave' substituted by `hsb' on input line 1373.
)
(/usr/share/texlive/texmf-dist/tex/latex/siunitx/siunitx.sty
Package: siunitx 2024-01-25 v3.3.10 A comprehensive (SI) units package
\l__siunitx_number_uncert_offset_int=\count271
\l__siunitx_number_exponent_fixed_int=\count272
\l__siunitx_number_min_decimal_int=\count273
\l__siunitx_number_min_integer_int=\count274
\l__siunitx_number_round_precision_int=\count275
\l__siunitx_number_lower_threshold_int=\count276
\l__siunitx_number_upper_threshold_int=\count277
\l__siunitx_number_group_first_int=\count278
\l__siunitx_number_group_size_int=\count279
\l__siunitx_number_group_minimum_int=\count280
\l__siunitx_angle_tmp_dim=\dimen158
\l__siunitx_angle_marker_box=\box58
\l__siunitx_angle_unit_box=\box59
\l__siunitx_compound_count_int=\count281

(/usr/share/texlive/texmf-dist/tex/latex/translations/translations.sty
Package: translations 2022/02/05 v1.12 internationalization of LaTeX2e packages
 (CN)

(/usr/share/texlive/texmf-dist/tex/latex/etoolbox/etoolbox.sty
Package: etoolbox 2020/10/05 v2.5k e-TeX tools for LaTeX (JAW)
\etb@tempcnta=\count282
)
(/usr/share/texlive/texmf-dist/tex/generic/pdftexcmds/pdftexcmds.sty
Package: pdftexcmds 2020-06-27 v0.33 Utility functions of pdfTeX for LuaTeX (HO
)

(/usr/share/texlive/texmf-dist/tex/generic/infwarerr/infwarerr.sty
Package: infwarerr 2019/12/03 v1.5 Providing info/warning/error messages (HO)
)
(/usr/share/texlive/texmf-dist/tex/generic/iftex/iftex.sty
Package: iftex 2022/02/03 v1.0f TeX engine tests
)
(/usr/share/texlive/texmf-dist/tex/generic/ltxcmds/ltxcmds.sty
Package: ltxcmds 2023-12-04 v1.26 LaTeX kernel commands for general use (HO)
)
Package pdftexcmds Info: \pdf@primitive is available.
Package pdftexcmds Info: \pdf@ifprimitive is available.
Package pdftexcmds Info: \pdfdraftmode found.
))
(/usr/share/texlive/texmf-dist/tex/latex/amsmath/amstext.sty
Package: amstext 2021/08/26 v2.01 AMS text

(/usr/share/texlive/texmf-dist/tex/latex/amsmath/amsgen.sty
File: amsgen.sty 1999/11/30 v2.0 generic functions
\@emptytoks=\toks19
\ex@=\dimen159
))
\l__siunitx_table_tmp_box=\box60
\l__siunitx_table_tmp_dim=\dimen160
\l__siunitx_table_column_width_dim=\dimen161
\l__siunitx_table_integer_box=\box61
\l__siunitx_table_decimal_box=\box62
\l__siunitx_table_uncert_box=\box63
\l__siunitx_table_before_box=\box64
\l__siunitx_table_after_box=\box65
\l__siunitx_table_before_dim=\dimen162
\l__siunitx_table_carry_dim=\dimen163
\l__siunitx_unit_tmp_int=\count283
\l__siunitx_unit_position_int=\count284
\l__siunitx_unit_total_int=\count285
)
(/usr/share/texlive/texmf-dist/tex/latex/adjustbox/adjustbox.sty
Package: adjustbox 2022/10/17 v1.3a Adjusting TeX boxes (trim, clip, ...)

(/usr/share/texlive/texmf-dist/tex/latex/xkeyval/xkeyval.sty
Package: xkeyval 2022/06/16 v2.9 package option processing (HA)

(/usr/share/texlive/texmf-dist/tex/generic/xkeyval/xkeyval.tex
(/usr/share/texlive/texmf-dist/tex/generic/xkeyval/xkvutils.tex
\XKV@toks=\toks20
\XKV@tempa@toks=\toks21

(/usr/share/texlive/texmf-dist/tex/generic/xkeyval/keyval.tex))
\XKV@depth=\count286
File: xkeyval.tex 2014/12/03 v2.7a key=value parser (HA)
))
(/usr/share/texlive/texmf-dist/tex/latex/adjustbox/adjcalc.sty
Package: adjcalc 2012/05/16 v1.1 Provides advanced setlength with multiple back
-ends (calc, etex, pgfmath)
)
(/usr/share/texlive/texmf-dist/tex/latex/adjustbox/trimclip.sty
Package: trimclip 2020/08/19 v1.2 Trim and clip general TeX material

(/usr/share/texlive/texmf-dist/tex/latex/graphics/graphicx.sty
Package: graphicx 2021/09/16 v1.2d Enhanced LaTeX Graphics (DPC,SPQR)

(/usr/share/texlive/texmf-dist/tex/latex/graphics/graphics.sty
Package: graphics 2022/03/10 v1.4e Standard LaTeX Graphics (DPC,SPQR)

(/usr/share/texlive/texmf-dist/tex/latex/graphics/trig.sty
Package: trig 2021/08/11 v1.11 sin cos tan (DPC)
)
(/usr/share/texlive/texmf-dist/tex/latex/graphics-cfg/graphics.cfg
File: graphics.cfg 2016/06/04 v1.11 sample graphics configuration
)
Package graphics Info: Driver file: pdftex.def on input line 107.
)
\Gin@req@height=\dimen164
\Gin@req@width=\dimen165
)
(/usr/share/texlive/texmf-dist/tex/latex/collectbox/collectbox.sty
Package: collectbox 2022/10/17 v0.4c Collect macro arguments as boxes
\collectedbox=\box66
)
\tc@llx=\dimen166
\tc@lly=\dimen167
\tc@urx=\dimen168
\tc@ury=\dimen169
Package trimclip Info: Using driver 'tc-pdftex.def'.

(/usr/share/texlive/texmf-dist/tex/latex/adjustbox/tc-pdftex.def
File: tc-pdftex.def 2019/01/04 v2.2 Clipping driver for pdftex
))
\adjbox@Width=\dimen170
\adjbox@Height=\dimen171
\adjbox@Depth=\dimen172
\adjbox@Totalheight=\dimen173
\adjbox@pwidth=\dimen174
\adjbox@pheight=\dimen175
\adjbox@pdepth=\dimen176
\adjbox@ptotalheight=\dimen177

(/usr/share/texlive/texmf-dist/tex/latex/ifoddpage/ifoddpage.sty
Package: ifoddpage 2022/10/18 v1.2 Conditionals for odd/even page detection
\c@checkoddpage=\count287
)
(/usr/share/texlive/texmf-dist/tex/latex/varwidth/varwidth.sty
Package: varwidth 2009/03/30 ver 0.92;  Variable-width minipages
\@vwid@box=\box67
\sift@deathcycles=\count288
\@vwid@loff=\dimen178
\@vwid@roff=\dimen179
))
Package translations Info: No language package found. I am going to use `englis
h' as default language. on input line 9.

(/usr/share/texlive/texmf-dist/tex/latex/l3backend/l3backend-pdftex.def
File: l3backend-pdftex.def 2024-01-04 L3 backend support: PDF output (pdfTeX)
\l__color_backend_stack_int=\count289
\l__pdf_internal_box=\box68
)
(./main_performance_table.aux)
\openout1 = `main_performance_table.aux'.

LaTeX Font Info:    Checking defaults for OML/cmm/m/it on input line 9.
LaTeX Font Info:    ... okay on input line 9.
LaTeX Font Info:    Checking defaults for OMS/cmsy/m/n on input line 9.
LaTeX Font Info:    ... okay on input line 9.
LaTeX Font Info:    Checking defaults for OT1/cmr/m/n on input line 9.
LaTeX Font Info:    ... okay on input line 9.
LaTeX Font Info:    Checking defaults for T1/cmr/m/n on input line 9.
LaTeX Font Info:    ... okay on input line 9.
LaTeX Font Info:    Checking defaults for TS1/cmr/m/n on input line 9.
LaTeX Font Info:    ... okay on input line 9.
LaTeX Font Info:    Checking defaults for OMX/cmex/m/n on input line 9.
LaTeX Font Info:    ... okay on input line 9.
LaTeX Font Info:    Checking defaults for U/cmr/m/n on input line 9.
LaTeX Font Info:    ... okay on input line 9.

(/usr/share/texlive/texmf-dist/tex/context/base/mkii/supp-pdf.mkii
[Loading MPS to PDF converter (version 2006.09.02).]
\scratchcounter=\count290
\scratchdimen=\dimen180
\scratchbox=\box69
\nofMPsegments=\count291
\nofMParguments=\count292
\everyMPshowfont=\toks22
\MPscratchCnt=\count293
\MPscratchDim=\dimen181
\MPnumerator=\count294
\makeMPintoPDFobject=\count295
\everyMPtoPDFconversion=\toks23
) (/usr/share/texlive/texmf-dist/tex/latex/epstopdf-pkg/epstopdf-base.sty
Package: epstopdf-base 2020-01-24 v2.11 Base part for package epstopdf
Package epstopdf-base Info: Redefining graphics rule for `.eps' on input line 4
85.

(/usr/share/texlive/texmf-dist/tex/latex/latexconfig/epstopdf-sys.cfg
File: epstopdf-sys.cfg 2010/07/13 v1.3 Configuration of (r)epstopdf for TeX Liv
e
))
(/usr/share/texlive/texmf-dist/tex/latex/translations/translations-basic-dictio
nary-english.trsl
File: translations-basic-dictionary-english.trsl (english translation file `tra
nslations-basic-dictionary')
)
Package translations Info: loading dictionary `translations-basic-dictionary' f
or `english'. on input line 9.

Overfull \hbox (174.52013pt too wide) in alignment at lines 11--17
 [] [] [] [] [] [] [] [] [] 
 []


Overfull \hbox (174.52013pt too wide) in alignment at lines 17--24
 [] [] [] [] [] [] [] [] [] 
 []


Overfull \hbox (174.52013pt too wide) in alignment at lines 24--26
 [] [] [] [] [] [] [] [] [] 
 []


Overfull \hbox (174.52013pt too wide) in alignment at lines 26--28
 [] [] [] [] [] [] [] [] [] 
 []

LaTeX Font Info:    Trying to load font information for OMS+cmr on input line 2
9.
(/usr/share/texlive/texmf-dist/tex/latex/base/omscmr.fd
File: omscmr.fd 2023/04/13 v2.5m Standard LaTeX font definitions
)
LaTeX Font Info:    Font shape `OMS/cmr/m/n' in size <10> not available
(Font)              Font shape `OMS/cmsy/m/n' tried instead on input line 29.

! Missing $ inserted.
<inserted text> 
                $
l.29 \multirow{21}{*}{Sphere\textbackslash{}_2D}
                                                 & \textbf{QQN-CubicQuadrati...
I've inserted a begin-math/end-math symbol since I think
you left one out. Proceed, with fingers crossed.

LaTeX Font Info:    External font `cmex10' loaded for size
(Font)              <7> on input line 29.
LaTeX Font Info:    External font `cmex10' loaded for size
(Font)              <5> on input line 29.
! Extra }, or forgotten $.
<argument> ...t Sphere\textbackslash {}_2D\strut }
                                                  
l.29 \multirow{21}{*}{Sphere\textbackslash{}_2D}
                                                 & \textbf{QQN-CubicQuadrati...
I've deleted a group-closing symbol because it seems to be
spurious, as in `$x}$'. But perhaps the } is legitimate and
you forgot something else, as in `\hbox{$x}'. In such cases
the way to recover is to insert both the forgotten and the
deleted material, e.g., by typing `I$}'.

! Missing $ inserted.
<inserted text> 
                $
l.29 \multirow{21}{*}{Sphere\textbackslash{}_2D}
                                                 & \textbf{QQN-CubicQuadrati...
I've inserted a begin-math/end-math symbol since I think
you left one out. Proceed, with fingers crossed.

! Missing } inserted.
<inserted text> 
                }
l.29 \multirow{21}{*}{Sphere\textbackslash{}_2D}
                                                 & \textbf{QQN-CubicQuadrati...
I've inserted something that you may have forgotten.
(See the <inserted text> above.)
With luck, this will get me unwedged. But if you
really didn't forget anything, try typing `2' now; then
my insertion and my current dilemma will both disappear.


Overfull \hbox (5.00002pt too wide) detected at line 29
$\OT1/cmr/m/n/10 100$
 []


Overfull \hbox (5.00002pt too wide) detected at line 30
$\OML/cmm/m/it/10 :\OT1/cmr/m/n/10 000$ $ []$
 []


! Package siunitx Error: Invalid number '-'.

For immediate help type H <return>.
 ...                                              
                                                  
l.30  & QQN-StrongWolfe &
                          0.00e0 & 0.00e0 & 0.00e0 & 0.00e0 & 12.0 & 100.0 &...


The input '-' could not be parsed as a number following the format defined in
module documentation.


Runaway argument?
\q_stop \hbox_set:Nn \l__siunitx_table_tmp_box {\l__siunitx_table_after_model_t
l \ETC.
! Forbidden control sequence found while scanning use of \__siunitx_table_print
_format_auxi:w.
<inserted text> 
                \par 
l.30  & QQN-StrongWolfe &
                          0.00e0 & 0.00e0 & 0.00e0 & 0.00e0 & 12.0 & 100.0 &...
I suspect you have forgotten a `}', causing me
to read past where you wanted me to stop.
I'll try to recover; but if the error is serious,
you'd better type `E' or `X' now and fix your file.

! Missing \endgroup inserted.
<inserted text> 
                \endgroup 
l.30  & QQN-StrongWolfe &
                          0.00e0 & 0.00e0 & 0.00e0 & 0.00e0 & 12.0 & 100.0 &...
I've inserted something that you may have forgotten.
(See the <inserted text> above.)
With luck, this will get me unwedged. But if you
really didn't forget anything, try typing `2' now; then
my insertion and my current dilemma will both disappear.


Overfull \hbox (5.00002pt too wide) detected at line 30
$\OT1/cmr/m/n/10 100$
 []


Overfull \hbox (5.00002pt too wide) detected at line 31
$\OML/cmm/m/it/10 :\OT1/cmr/m/n/10 000$ $ []$
 []


! Package siunitx Error: Invalid number '-'.

For immediate help type H <return>.
 ...                                              
                                                  
l.31  & QQN-Bisection-1 &
                          0.00e0 & 0.00e0 & 0.00e0 & 0.00e0 & 16.0 & 100.0 &...


The input '-' could not be parsed as a number following the format defined in
module documentation.


Runaway argument?
\q_stop \hbox_set:Nn \l__siunitx_table_tmp_box {\l__siunitx_table_after_model_t
l \ETC.
! Forbidden control sequence found while scanning use of \__siunitx_table_print
_format_auxi:w.
<inserted text> 
                \par 
l.31  & QQN-Bisection-1 &
                          0.00e0 & 0.00e0 & 0.00e0 & 0.00e0 & 16.0 & 100.0 &...
I suspect you have forgotten a `}', causing me
to read past where you wanted me to stop.
I'll try to recover; but if the error is serious,
you'd better type `E' or `X' now and fix your file.

! Missing \endgroup inserted.
<inserted text> 
                \endgroup 
l.31  & QQN-Bisection-1 &
                          0.00e0 & 0.00e0 & 0.00e0 & 0.00e0 & 16.0 & 100.0 &...
I've inserted something that you may have forgotten.
(See the <inserted text> above.)
With luck, this will get me unwedged. But if you
really didn't forget anything, try typing `2' now; then
my insertion and my current dilemma will both disappear.


Overfull \hbox (5.00002pt too wide) detected at line 31
$\OT1/cmr/m/n/10 100$
 []


Overfull \hbox (5.00002pt too wide) detected at line 32
$\OML/cmm/m/it/10 :\OT1/cmr/m/n/10 000$ $ []$
 []


! Package siunitx Error: Invalid number '-'.

For immediate help type H <return>.
 ...                                              
                                                  
l.32  & L-BFGS-Aggressive &
                            0.00e0 & 0.00e0 & 0.00e0 & 0.00e0 & 12.6 & 100.0...


The input '-' could not be parsed as a number following the format defined in
module documentation.


Runaway argument?
\q_stop \hbox_set:Nn \l__siunitx_table_tmp_box {\l__siunitx_table_after_model_t
l \ETC.
! Forbidden control sequence found while scanning use of \__siunitx_table_print
_format_auxi:w.
<inserted text> 
                \par 
l.32  & L-BFGS-Aggressive &
                            0.00e0 & 0.00e0 & 0.00e0 & 0.00e0 & 12.6 & 100.0...
I suspect you have forgotten a `}', causing me
to read past where you wanted me to stop.
I'll try to recover; but if the error is serious,
you'd better type `E' or `X' now and fix your file.

! Missing \endgroup inserted.
<inserted text> 
                \endgroup 
l.32  & L-BFGS-Aggressive &
                            0.00e0 & 0.00e0 & 0.00e0 & 0.00e0 & 12.6 & 100.0...
I've inserted something that you may have forgotten.
(See the <inserted text> above.)
With luck, this will get me unwedged. But if you
really didn't forget anything, try typing `2' now; then
my insertion and my current dilemma will both disappear.


Overfull \hbox (5.00002pt too wide) detected at line 32
$\OT1/cmr/m/n/10 100$
 []


Overfull \hbox (5.00002pt too wide) detected at line 33
$\OML/cmm/m/it/10 :\OT1/cmr/m/n/10 000$ $ []$
 []


! Package siunitx Error: Invalid number '-'.

For immediate help type H <return>.
 ...                                              
                                                  
l.33  & QQN-Bisection-2 &
                          0.00e0 & 0.00e0 & 0.00e0 & 0.00e0 & 14.0 & 100.0 &...


The input '-' could not be parsed as a number following the format defined in
module documentation.


Runaway argument?
\q_stop \hbox_set:Nn \l__siunitx_table_tmp_box {\l__siunitx_table_after_model_t
l \ETC.
! Forbidden control sequence found while scanning use of \__siunitx_table_print
_format_auxi:w.
<inserted text> 
                \par 
l.33  & QQN-Bisection-2 &
                          0.00e0 & 0.00e0 & 0.00e0 & 0.00e0 & 14.0 & 100.0 &...
I suspect you have forgotten a `}', causing me
to read past where you wanted me to stop.
I'll try to recover; but if the error is serious,
you'd better type `E' or `X' now and fix your file.

! Missing \endgroup inserted.
<inserted text> 
                \endgroup 
l.33  & QQN-Bisection-2 &
                          0.00e0 & 0.00e0 & 0.00e0 & 0.00e0 & 14.0 & 100.0 &...
I've inserted something that you may have forgotten.
(See the <inserted text> above.)
With luck, this will get me unwedged. But if you
really didn't forget anything, try typing `2' now; then
my insertion and my current dilemma will both disappear.


Overfull \hbox (5.00002pt too wide) detected at line 33
$\OT1/cmr/m/n/10 100$
 []


Overfull \hbox (5.00002pt too wide) detected at line 34
$\OML/cmm/m/it/10 :\OT1/cmr/m/n/10 000$ $ []$
 []


! Package siunitx Error: Invalid number '-'.

For immediate help type H <return>.
 ...                                              
                                                  
l.34  & L-BFGS &
                 0.00e0 & 0.00e0 & 0.00e0 & 0.00e0 & 13.8 & 100.0 & 0.000 \\

The input '-' could not be parsed as a number following the format defined in
module documentation.


Runaway argument?
\q_stop \hbox_set:Nn \l__siunitx_table_tmp_box {\l__siunitx_table_after_model_t
l \ETC.
! Forbidden control sequence found while scanning use of \__siunitx_table_print
_format_auxi:w.
<inserted text> 
                \par 
l.34  & L-BFGS &
                 0.00e0 & 0.00e0 & 0.00e0 & 0.00e0 & 13.8 & 100.0 & 0.000 \\
I suspect you have forgotten a `}', causing me
to read past where you wanted me to stop.
I'll try to recover; but if the error is serious,
you'd better type `E' or `X' now and fix your file.

! Missing \endgroup inserted.
<inserted text> 
                \endgroup 
l.34  & L-BFGS &
                 0.00e0 & 0.00e0 & 0.00e0 & 0.00e0 & 13.8 & 100.0 & 0.000 \\
I've inserted something that you may have forgotten.
(See the <inserted text> above.)
With luck, this will get me unwedged. But if you
really didn't forget anything, try typing `2' now; then
my insertion and my current dilemma will both disappear.


Overfull \hbox (5.00002pt too wide) detected at line 34
$\OT1/cmr/m/n/10 100$
 []


Overfull \hbox (5.00002pt too wide) detected at line 35
$\OML/cmm/m/it/10 :\OT1/cmr/m/n/10 000$ $ []$
 []


! Package siunitx Error: Invalid number '-'.

For immediate help type H <return>.
 ...                                              
                                                  
l.35  & QQN-Backtracking &
                           0.00e0 & 0.00e0 & 0.00e0 & 0.00e0 & 12.0 & 100.0 ...


The input '-' could not be parsed as a number following the format defined in
module documentation.


Runaway argument?
\q_stop \hbox_set:Nn \l__siunitx_table_tmp_box {\l__siunitx_table_after_model_t
l \ETC.
! Forbidden control sequence found while scanning use of \__siunitx_table_print
_format_auxi:w.
<inserted text> 
                \par 
l.35  & QQN-Backtracking &
                           0.00e0 & 0.00e0 & 0.00e0 & 0.00e0 & 12.0 & 100.0 ...
I suspect you have forgotten a `}', causing me
to read past where you wanted me to stop.
I'll try to recover; but if the error is serious,
you'd better type `E' or `X' now and fix your file.

! Missing \endgroup inserted.
<inserted text> 
                \endgroup 
l.35  & QQN-Backtracking &
                           0.00e0 & 0.00e0 & 0.00e0 & 0.00e0 & 12.0 & 100.0 ...
I've inserted something that you may have forgotten.
(See the <inserted text> above.)
With luck, this will get me unwedged. But if you
really didn't forget anything, try typing `2' now; then
my insertion and my current dilemma will both disappear.


Overfull \hbox (5.00002pt too wide) detected at line 35
$\OT1/cmr/m/n/10 100$
 []


Overfull \hbox (5.00002pt too wide) detected at line 36
$\OML/cmm/m/it/10 :\OT1/cmr/m/n/10 000$ $ []$
 []


! Package siunitx Error: Invalid number '-'.

For immediate help type H <return>.
 ...                                              
                                                  
l.36  & QQN-MoreThuente &
                          0.00e0 & 0.00e0 & 0.00e0 & 0.00e0 & 13.0 & 100.0 &...


The input '-' could not be parsed as a number following the format defined in
module documentation.


Runaway argument?
\q_stop \hbox_set:Nn \l__siunitx_table_tmp_box {\l__siunitx_table_after_model_t
l \ETC.
! Forbidden control sequence found while scanning use of \__siunitx_table_print
_format_auxi:w.
<inserted text> 
                \par 
l.36  & QQN-MoreThuente &
                          0.00e0 & 0.00e0 & 0.00e0 & 0.00e0 & 13.0 & 100.0 &...
I suspect you have forgotten a `}', causing me
to read past where you wanted me to stop.
I'll try to recover; but if the error is serious,
you'd better type `E' or `X' now and fix your file.

! Missing \endgroup inserted.
<inserted text> 
                \endgroup 
l.36  & QQN-MoreThuente &
                          0.00e0 & 0.00e0 & 0.00e0 & 0.00e0 & 13.0 & 100.0 &...
I've inserted something that you may have forgotten.
(See the <inserted text> above.)
With luck, this will get me unwedged. But if you
really didn't forget anything, try typing `2' now; then
my insertion and my current dilemma will both disappear.


Overfull \hbox (5.00002pt too wide) detected at line 36
$\OT1/cmr/m/n/10 100$
 []


Overfull \hbox (5.00002pt too wide) detected at line 37
$\OML/cmm/m/it/10 :\OT1/cmr/m/n/10 000$ $ []$
 []


! Package siunitx Error: Invalid number '-'.

For immediate help type H <return>.
 ...                                              
                                                  
l.37  & QQN-GoldenSection &
                            3.23e-14 & 4.77e-15 & 2.19e-14 & 4.31e-14 & 47.0...


The input '-' could not be parsed as a number following the format defined in
module documentation.


Runaway argument?
\q_stop \hbox_set:Nn \l__siunitx_table_tmp_box {\l__siunitx_table_after_model_t
l \ETC.
! Forbidden control sequence found while scanning use of \__siunitx_table_print
_format_auxi:w.
<inserted text> 
                \par 
l.37  & QQN-GoldenSection &
                            3.23e-14 & 4.77e-15 & 2.19e-14 & 4.31e-14 & 47.0...
I suspect you have forgotten a `}', causing me
to read past where you wanted me to stop.
I'll try to recover; but if the error is serious,
you'd better type `E' or `X' now and fix your file.

! Missing \endgroup inserted.
<inserted text> 
                \endgroup 
l.37  & QQN-GoldenSection &
                            3.23e-14 & 4.77e-15 & 2.19e-14 & 4.31e-14 & 47.0...
I've inserted something that you may have forgotten.
(See the <inserted text> above.)
With luck, this will get me unwedged. But if you
really didn't forget anything, try typing `2' now; then
my insertion and my current dilemma will both disappear.


Overfull \hbox (5.00002pt too wide) detected at line 37
$\OT1/cmr/m/n/10 100$
 []


Overfull \hbox (5.00002pt too wide) detected at line 38
$\OML/cmm/m/it/10 :\OT1/cmr/m/n/10 000$ $ []$
 []


! Package siunitx Error: Invalid number 'D-'.

For immediate help type H <return>.
 ...                                              
                                                  
l.38  & GD-WeightDecay &
                         3.71e-10 & 1.67e-11 & 3.44e-10 & 3.94e-10 & 159.8 &...


The input 'D-' could not be parsed as a number following the format defined in
module documentation.


Runaway argument?
\q_stop \hbox_set:Nn \l__siunitx_table_tmp_box {\l__siunitx_table_after_model_t
l \ETC.
! Forbidden control sequence found while scanning use of \__siunitx_table_print
_format_auxi:w.
<inserted text> 
                \par 
l.38  & GD-WeightDecay &
                         3.71e-10 & 1.67e-11 & 3.44e-10 & 3.94e-10 & 159.8 &...
I suspect you have forgotten a `}', causing me
to read past where you wanted me to stop.
I'll try to recover; but if the error is serious,
you'd better type `E' or `X' now and fix your file.

! Missing \endgroup inserted.
<inserted text> 
                \endgroup 
l.38  & GD-WeightDecay &
                         3.71e-10 & 1.67e-11 & 3.44e-10 & 3.94e-10 & 159.8 &...
I've inserted something that you may have forgotten.
(See the <inserted text> above.)
With luck, this will get me unwedged. But if you
really didn't forget anything, try typing `2' now; then
my insertion and my current dilemma will both disappear.


Overfull \hbox (5.00002pt too wide) detected at line 38
$\OT1/cmr/m/n/10 159$
 []


Overfull \hbox (5.00002pt too wide) detected at line 38
$\OT1/cmr/m/n/10 100$
 []


Overfull \hbox (5.00002pt too wide) detected at line 39
$\OML/cmm/m/it/10 :\OT1/cmr/m/n/10 005$ $ []$
 []


! Package siunitx Error: Invalid number '-'.

For immediate help type H <return>.
 ...                                              
                                                  
l.39  & L-BFGS-Conservative &
                              7.02e-8 & 1.36e-7 & 2.43e-13 & 5.13e-7 & 549.9...


The input '-' could not be parsed as a number following the format defined in
module documentation.


Runaway argument?
\q_stop \hbox_set:Nn \l__siunitx_table_tmp_box {\l__siunitx_table_after_model_t
l \ETC.
! Forbidden control sequence found while scanning use of \__siunitx_table_print
_format_auxi:w.
<inserted text> 
                \par 
l.39  & L-BFGS-Conservative &
                              7.02e-8 & 1.36e-7 & 2.43e-13 & 5.13e-7 & 549.9...
I suspect you have forgotten a `}', causing me
to read past where you wanted me to stop.
I'll try to recover; but if the error is serious,
you'd better type `E' or `X' now and fix your file.

! Missing \endgroup inserted.
<inserted text> 
                \endgroup 
l.39  & L-BFGS-Conservative &
                              7.02e-8 & 1.36e-7 & 2.43e-13 & 5.13e-7 & 549.9...
I've inserted something that you may have forgotten.
(See the <inserted text> above.)
With luck, this will get me unwedged. But if you
really didn't forget anything, try typing `2' now; then
my insertion and my current dilemma will both disappear.


Overfull \hbox (5.00002pt too wide) detected at line 39
$\OT1/cmr/m/n/10 549$
 []


Overfull \hbox (5.00002pt too wide) detected at line 40
$\OML/cmm/m/it/10 :\OT1/cmr/m/n/10 016$ $ []$
 []


! Package siunitx Error: Invalid number 'D'.

For immediate help type H <return>.
 ...                                              
                                                  
l.40  & GD &
             3.01e-6 & 4.49e-7 & 2.25e-6 & 3.94e-6 & 335.0 & 0.0 & 0.008 \\

The input 'D' could not be parsed as a number following the format defined in
module documentation.


Runaway argument?
\q_stop \hbox_set:Nn \l__siunitx_table_tmp_box {\l__siunitx_table_after_model_t
l \ETC.
! Forbidden control sequence found while scanning use of \__siunitx_table_print
_format_auxi:w.
<inserted text> 
                \par 
l.40  & GD &
             3.01e-6 & 4.49e-7 & 2.25e-6 & 3.94e-6 & 335.0 & 0.0 & 0.008 \\
I suspect you have forgotten a `}', causing me
to read past where you wanted me to stop.
I'll try to recover; but if the error is serious,
you'd better type `E' or `X' now and fix your file.

! Missing \endgroup inserted.
<inserted text> 
                \endgroup 
l.40  & GD &
             3.01e-6 & 4.49e-7 & 2.25e-6 & 3.94e-6 & 335.0 & 0.0 & 0.008 \\
I've inserted something that you may have forgotten.
(See the <inserted text> above.)
With luck, this will get me unwedged. But if you
really didn't forget anything, try typing `2' now; then
my insertion and my current dilemma will both disappear.


Overfull \hbox (5.00002pt too wide) detected at line 40
$\OT1/cmr/m/n/10 335$
 []


Overfull \hbox (5.00002pt too wide) detected at line 41
$\OML/cmm/m/it/10 :\OT1/cmr/m/n/10 008$ $ []$
 []


! Package siunitx Error: Invalid number 'D-'.

For immediate help type H <return>.
 ...                                              
                                                  
l.41  & GD-Nesterov &
                      9.81e-2 & 1.35e-2 & 6.31e-2 & 1.29e-1 & 23.0 & 0.0 & 0...


The input 'D-' could not be parsed as a number following the format defined in
module documentation.


Runaway argument?
\q_stop \hbox_set:Nn \l__siunitx_table_tmp_box {\l__siunitx_table_after_model_t
l \ETC.
! Forbidden control sequence found while scanning use of \__siunitx_table_print
_format_auxi:w.
<inserted text> 
                \par 
l.41  & GD-Nesterov &
                      9.81e-2 & 1.35e-2 & 6.31e-2 & 1.29e-1 & 23.0 & 0.0 & 0...
I suspect you have forgotten a `}', causing me
to read past where you wanted me to stop.
I'll try to recover; but if the error is serious,
you'd better type `E' or `X' now and fix your file.

! Missing \endgroup inserted.
<inserted text> 
                \endgroup 
l.41  & GD-Nesterov &
                      9.81e-2 & 1.35e-2 & 6.31e-2 & 1.29e-1 & 23.0 & 0.0 & 0...
I've inserted something that you may have forgotten.
(See the <inserted text> above.)
With luck, this will get me unwedged. But if you
really didn't forget anything, try typing `2' now; then
my insertion and my current dilemma will both disappear.


Overfull \hbox (5.00002pt too wide) detected at line 42
$\OML/cmm/m/it/10 :\OT1/cmr/m/n/10 001$ $ []$
 []


! Package siunitx Error: Invalid number 'd'.

For immediate help type H <return>.
 ...                                              
                                                  
l.42  & Adam-Fast &
                    1.26e-1 & 5.83e-3 & 1.10e-1 & 1.35e-1 & 36.9 & 0.0 & 0.0...


The input 'd' could not be parsed as a number following the format defined in
module documentation.


Runaway argument?
\q_stop \hbox_set:Nn \l__siunitx_table_tmp_box {\l__siunitx_table_after_model_t
l \ETC.
! Forbidden control sequence found while scanning use of \__siunitx_table_print
_format_auxi:w.
<inserted text> 
                \par 
l.42  & Adam-Fast &
                    1.26e-1 & 5.83e-3 & 1.10e-1 & 1.35e-1 & 36.9 & 0.0 & 0.0...
I suspect you have forgotten a `}', causing me
to read past where you wanted me to stop.
I'll try to recover; but if the error is serious,
you'd better type `E' or `X' now and fix your file.

! Missing \endgroup inserted.
<inserted text> 
                \endgroup 
l.42  & Adam-Fast &
                    1.26e-1 & 5.83e-3 & 1.10e-1 & 1.35e-1 & 36.9 & 0.0 & 0.0...
I've inserted something that you may have forgotten.
(See the <inserted text> above.)
With luck, this will get me unwedged. But if you
really didn't forget anything, try typing `2' now; then
my insertion and my current dilemma will both disappear.


Overfull \hbox (5.00002pt too wide) detected at line 43
$\OML/cmm/m/it/10 :\OT1/cmr/m/n/10 001$ $ []$
 []


! Package siunitx Error: Invalid number 'D-'.

For immediate help type H <return>.
 ...                                              
                                                  
l.43  & GD-Momentum &
                      1.49e-1 & 2.33e-2 & 1.18e-1 & 2.01e-1 & 23.0 & 0.0 & 0...


The input 'D-' could not be parsed as a number following the format defined in
module documentation.


Runaway argument?
\q_stop \hbox_set:Nn \l__siunitx_table_tmp_box {\l__siunitx_table_after_model_t
l \ETC.
! Forbidden control sequence found while scanning use of \__siunitx_table_print
_format_auxi:w.
<inserted text> 
                \par 
l.43  & GD-Momentum &
                      1.49e-1 & 2.33e-2 & 1.18e-1 & 2.01e-1 & 23.0 & 0.0 & 0...
I suspect you have forgotten a `}', causing me
to read past where you wanted me to stop.
I'll try to recover; but if the error is serious,
you'd better type `E' or `X' now and fix your file.

! Missing \endgroup inserted.
<inserted text> 
                \endgroup 
l.43  & GD-Momentum &
                      1.49e-1 & 2.33e-2 & 1.18e-1 & 2.01e-1 & 23.0 & 0.0 & 0...
I've inserted something that you may have forgotten.
(See the <inserted text> above.)
With luck, this will get me unwedged. But if you
really didn't forget anything, try typing `2' now; then
my insertion and my current dilemma will both disappear.


Overfull \hbox (5.00002pt too wide) detected at line 44
$\OML/cmm/m/it/10 :\OT1/cmr/m/n/10 001$ $ []$
 []


! Package siunitx Error: Invalid number 'd'.

For immediate help type H <return>.
 ...                                              
                                                  
l.44  & Adam-WeightDecay &
                           2.65e-1 & 7.43e-2 & 1.37e-1 & 3.79e-1 & 502.0 & 0...


The input 'd' could not be parsed as a number following the format defined in
module documentation.


Runaway argument?
\q_stop \hbox_set:Nn \l__siunitx_table_tmp_box {\l__siunitx_table_after_model_t
l \ETC.
! Forbidden control sequence found while scanning use of \__siunitx_table_print
_format_auxi:w.
<inserted text> 
                \par 
l.44  & Adam-WeightDecay &
                           2.65e-1 & 7.43e-2 & 1.37e-1 & 3.79e-1 & 502.0 & 0...
I suspect you have forgotten a `}', causing me
to read past where you wanted me to stop.
I'll try to recover; but if the error is serious,
you'd better type `E' or `X' now and fix your file.

! Missing \endgroup inserted.
<inserted text> 
                \endgroup 
l.44  & Adam-WeightDecay &
                           2.65e-1 & 7.43e-2 & 1.37e-1 & 3.79e-1 & 502.0 & 0...
I've inserted something that you may have forgotten.
(See the <inserted text> above.)
With luck, this will get me unwedged. But if you
really didn't forget anything, try typing `2' now; then
my insertion and my current dilemma will both disappear.


Overfull \hbox (5.00002pt too wide) detected at line 44
$\OT1/cmr/m/n/10 502$
 []


Overfull \hbox (5.00002pt too wide) detected at line 45
$\OML/cmm/m/it/10 :\OT1/cmr/m/n/10 011$ $ []$
 []


! Package siunitx Error: Invalid number 'd'.

For immediate help type H <return>.
 ...                                              
                                                  
l.45  & Adam &
               1.15e0 & 2.26e-1 & 7.23e-1 & 1.55e0 & 502.0 & 0.0 & 0.010 \\

The input 'd' could not be parsed as a number following the format defined in
module documentation.


Runaway argument?
\q_stop \hbox_set:Nn \l__siunitx_table_tmp_box {\l__siunitx_table_after_model_t
l \ETC.
! Forbidden control sequence found while scanning use of \__siunitx_table_print
_format_auxi:w.
<inserted text> 
                \par 
l.45  & Adam &
               1.15e0 & 2.26e-1 & 7.23e-1 & 1.55e0 & 502.0 & 0.0 & 0.010 \\
I suspect you have forgotten a `}', causing me
to read past where you wanted me to stop.
I'll try to recover; but if the error is serious,
you'd better type `E' or `X' now and fix your file.

! Missing \endgroup inserted.
<inserted text> 
                \endgroup 
l.45  & Adam &
               1.15e0 & 2.26e-1 & 7.23e-1 & 1.55e0 & 502.0 & 0.0 & 0.010 \\
I've inserted something that you may have forgotten.
(See the <inserted text> above.)
With luck, this will get me unwedged. But if you
really didn't forget anything, try typing `2' now; then
my insertion and my current dilemma will both disappear.


Overfull \hbox (5.00002pt too wide) detected at line 45
$\OT1/cmr/m/n/10 502$
 []


Overfull \hbox (5.00002pt too wide) detected at line 46
$\OML/cmm/m/it/10 :\OT1/cmr/m/n/10 010$ $ []$
 []


! Package siunitx Error: Invalid number 'd'.

For immediate help type H <return>.
 ...                                              
                                                  
l.46  & Adam-AMSGrad &
                       1.16e0 & 2.58e-1 & 6.87e-1 & 1.62e0 & 502.0 & 0.0 & 0...


The input 'd' could not be parsed as a number following the format defined in
module documentation.


Runaway argument?
\q_stop \hbox_set:Nn \l__siunitx_table_tmp_box {\l__siunitx_table_after_model_t
l \ETC.
! Forbidden control sequence found while scanning use of \__siunitx_table_print
_format_auxi:w.
<inserted text> 
                \par 
l.46  & Adam-AMSGrad &
                       1.16e0 & 2.58e-1 & 6.87e-1 & 1.62e0 & 502.0 & 0.0 & 0...
I suspect you have forgotten a `}', causing me
to read past where you wanted me to stop.
I'll try to recover; but if the error is serious,
you'd better type `E' or `X' now and fix your file.

! Missing \endgroup inserted.
<inserted text> 
                \endgroup 
l.46  & Adam-AMSGrad &
                       1.16e0 & 2.58e-1 & 6.87e-1 & 1.62e0 & 502.0 & 0.0 & 0...
I've inserted something that you may have forgotten.
(See the <inserted text> above.)
With luck, this will get me unwedged. But if you
really didn't forget anything, try typing `2' now; then
my insertion and my current dilemma will both disappear.


Overfull \hbox (5.00002pt too wide) detected at line 46
$\OT1/cmr/m/n/10 502$
 []


Overfull \hbox (5.00002pt too wide) detected at line 47
$\OML/cmm/m/it/10 :\OT1/cmr/m/n/10 012$ $ []$
 []


! Package siunitx Error: Invalid number 'e'.

For immediate help type H <return>.
 ...                                              
                                                  
l.47  & Trust Region-Conservative &
                                    3.67e0 & 5.21e0 & 2.71e-3 & 1.80e1 & 581...


The input 'e' could not be parsed as a number following the format defined in
module documentation.


Runaway argument?
\q_stop \hbox_set:Nn \l__siunitx_table_tmp_box {\l__siunitx_table_after_model_t
l \ETC.
! Forbidden control sequence found while scanning use of \__siunitx_table_print
_format_auxi:w.
<inserted text> 
                \par 
l.47  & Trust Region-Conservative &
                                    3.67e0 & 5.21e0 & 2.71e-3 & 1.80e1 & 581...
I suspect you have forgotten a `}', causing me
to read past where you wanted me to stop.
I'll try to recover; but if the error is serious,
you'd better type `E' or `X' now and fix your file.

! Missing \endgroup inserted.
<inserted text> 
                \endgroup 
l.47  & Trust Region-Conservative &
                                    3.67e0 & 5.21e0 & 2.71e-3 & 1.80e1 & 581...
I've inserted something that you may have forgotten.
(See the <inserted text> above.)
With luck, this will get me unwedged. But if you
really didn't forget anything, try typing `2' now; then
my insertion and my current dilemma will both disappear.


Overfull \hbox (5.00002pt too wide) detected at line 47
$\OT1/cmr/m/n/10 581$
 []


Overfull \hbox (5.00002pt too wide) detected at line 48
$\OML/cmm/m/it/10 :\OT1/cmr/m/n/10 004$ $ []$
 []


! Package siunitx Error: Invalid number 'e'.

For immediate help type H <return>.
 ...                                              
                                                  
l.48  & Trust Region-Standard &
                                7.46e2 & 1.21e3 & 4.40e2 & 6.03e3 & 28.6 & 0...


The input 'e' could not be parsed as a number following the format defined in
module documentation.


Runaway argument?
\q_stop \hbox_set:Nn \l__siunitx_table_tmp_box {\l__siunitx_table_after_model_t
l \ETC.
! Forbidden control sequence found while scanning use of \__siunitx_table_print
_format_auxi:w.
<inserted text> 
                \par 
l.48  & Trust Region-Standard &
                                7.46e2 & 1.21e3 & 4.40e2 & 6.03e3 & 28.6 & 0...
I suspect you have forgotten a `}', causing me
to read past where you wanted me to stop.
I'll try to recover; but if the error is serious,
you'd better type `E' or `X' now and fix your file.

! Missing \endgroup inserted.
<inserted text> 
                \endgroup 
l.48  & Trust Region-Standard &
                                7.46e2 & 1.21e3 & 4.40e2 & 6.03e3 & 28.6 & 0...
I've inserted something that you may have forgotten.
(See the <inserted text> above.)
With luck, this will get me unwedged. But if you
really didn't forget anything, try typing `2' now; then
my insertion and my current dilemma will both disappear.


Overfull \hbox (5.00002pt too wide) detected at line 49
$\OML/cmm/m/it/10 :\OT1/cmr/m/n/10 000$ $ []$
 []


! Package siunitx Error: Invalid number 'e'.

For immediate help type H <return>.
 ...                                              
                                                  
l.49  & Trust Region-Adaptive &
                                1.16e3 & 2.65e2 & 3.71e-1 & 1.22e3 & 47.1 & ...


The input 'e' could not be parsed as a number following the format defined in
module documentation.


Runaway argument?
\q_stop \hbox_set:Nn \l__siunitx_table_tmp_box {\l__siunitx_table_after_model_t
l \ETC.
! Forbidden control sequence found while scanning use of \__siunitx_table_print
_format_auxi:w.
<inserted text> 
                \par 
l.49  & Trust Region-Adaptive &
                                1.16e3 & 2.65e2 & 3.71e-1 & 1.22e3 & 47.1 & ...
I suspect you have forgotten a `}', causing me
to read past where you wanted me to stop.
I'll try to recover; but if the error is serious,
you'd better type `E' or `X' now and fix your file.

! Missing \endgroup inserted.
<inserted text> 
                \endgroup 
l.49  & Trust Region-Adaptive &
                                1.16e3 & 2.65e2 & 3.71e-1 & 1.22e3 & 47.1 & ...
I've inserted something that you may have forgotten.
(See the <inserted text> above.)
With luck, this will get me unwedged. But if you
really didn't forget anything, try typing `2' now; then
my insertion and my current dilemma will both disappear.


Overfull \hbox (5.00002pt too wide) detected at line 50
$\OML/cmm/m/it/10 :\OT1/cmr/m/n/10 000$ $ []$
 []

! Missing $ inserted.
<inserted text> 
                $
l.51 \multirow{21}{*}{Sphere\textbackslash{}_10D}
                                                  & \textbf{QQN-CubicQuadrat...
I've inserted a begin-math/end-math symbol since I think
you left one out. Proceed, with fingers crossed.

! Extra }, or forgotten $.
<argument> ... Sphere\textbackslash {}_10D\strut }
                                                  
l.51 \multirow{21}{*}{Sphere\textbackslash{}_10D}
                                                  & \textbf{QQN-CubicQuadrat...
I've deleted a group-closing symbol because it seems to be
spurious, as in `$x}$'. But perhaps the } is legitimate and
you forgot something else, as in `\hbox{$x}'. In such cases
the way to recover is to insert both the forgotten and the
deleted material, e.g., by typing `I$}'.

! Missing $ inserted.
<inserted text> 
                $
l.51 \multirow{21}{*}{Sphere\textbackslash{}_10D}
                                                  & \textbf{QQN-CubicQuadrat...
I've inserted a begin-math/end-math symbol since I think
you left one out. Proceed, with fingers crossed.

! Missing } inserted.
<inserted text> 
                }
l.51 \multirow{21}{*}{Sphere\textbackslash{}_10D}
                                                  & \textbf{QQN-CubicQuadrat...
I've inserted something that you may have forgotten.
(See the <inserted text> above.)
With luck, this will get me unwedged. But if you
really didn't forget anything, try typing `2' now; then
my insertion and my current dilemma will both disappear.


Overfull \hbox (5.00002pt too wide) detected at line 51
$\OT1/cmr/m/n/10 100$
 []


Overfull \hbox (5.00002pt too wide) detected at line 52
$\OML/cmm/m/it/10 :\OT1/cmr/m/n/10 000$ $ []$
 []


! Package siunitx Error: Invalid number '-'.

For immediate help type H <return>.
 ...                                              
                                                  
l.52  & L-BFGS-Aggressive &
                            0.00e0 & 0.00e0 & 0.00e0 & 0.00e0 & 13.5 & 100.0...


The input '-' could not be parsed as a number following the format defined in
module documentation.


Runaway argument?
\q_stop \hbox_set:Nn \l__siunitx_table_tmp_box {\l__siunitx_table_after_model_t
l \ETC.
! Forbidden control sequence found while scanning use of \__siunitx_table_print
_format_auxi:w.
<inserted text> 
                \par 
l.52  & L-BFGS-Aggressive &
                            0.00e0 & 0.00e0 & 0.00e0 & 0.00e0 & 13.5 & 100.0...
I suspect you have forgotten a `}', causing me
to read past where you wanted me to stop.
I'll try to recover; but if the error is serious,
you'd better type `E' or `X' now and fix your file.

! Missing \endgroup inserted.
<inserted text> 
                \endgroup 
l.52  & L-BFGS-Aggressive &
                            0.00e0 & 0.00e0 & 0.00e0 & 0.00e0 & 13.5 & 100.0...
I've inserted something that you may have forgotten.
(See the <inserted text> above.)
With luck, this will get me unwedged. But if you
really didn't forget anything, try typing `2' now; then
my insertion and my current dilemma will both disappear.


Overfull \hbox (5.00002pt too wide) detected at line 52
$\OT1/cmr/m/n/10 100$
 []


Overfull \hbox (5.00002pt too wide) detected at line 53
$\OML/cmm/m/it/10 :\OT1/cmr/m/n/10 000$ $ []$
 []


! Package siunitx Error: Invalid number '-'.

For immediate help type H <return>.
 ...                                              
                                                  
l.53  & QQN-Bisection-2 &
                          0.00e0 & 0.00e0 & 0.00e0 & 0.00e0 & 14.0 & 100.0 &...


The input '-' could not be parsed as a number following the format defined in
module documentation.


Runaway argument?
\q_stop \hbox_set:Nn \l__siunitx_table_tmp_box {\l__siunitx_table_after_model_t
l \ETC.
! Forbidden control sequence found while scanning use of \__siunitx_table_print
_format_auxi:w.
<inserted text> 
                \par 
l.53  & QQN-Bisection-2 &
                          0.00e0 & 0.00e0 & 0.00e0 & 0.00e0 & 14.0 & 100.0 &...
I suspect you have forgotten a `}', causing me
to read past where you wanted me to stop.
I'll try to recover; but if the error is serious,
you'd better type `E' or `X' now and fix your file.

! Missing \endgroup inserted.
<inserted text> 
                \endgroup 
l.53  & QQN-Bisection-2 &
                          0.00e0 & 0.00e0 & 0.00e0 & 0.00e0 & 14.0 & 100.0 &...
I've inserted something that you may have forgotten.
(See the <inserted text> above.)
With luck, this will get me unwedged. But if you
really didn't forget anything, try typing `2' now; then
my insertion and my current dilemma will both disappear.


Overfull \hbox (5.00002pt too wide) detected at line 53
$\OT1/cmr/m/n/10 100$
 []


Overfull \hbox (5.00002pt too wide) detected at line 54
$\OML/cmm/m/it/10 :\OT1/cmr/m/n/10 000$ $ []$
 []


! Package siunitx Error: Invalid number '-'.

For immediate help type H <return>.
 ...                                              
                                                  
l.54  & QQN-MoreThuente &
                          0.00e0 & 0.00e0 & 0.00e0 & 0.00e0 & 13.0 & 100.0 &...


The input '-' could not be parsed as a number following the format defined in
module documentation.


Runaway argument?
\q_stop \hbox_set:Nn \l__siunitx_table_tmp_box {\l__siunitx_table_after_model_t
l \ETC.
! Forbidden control sequence found while scanning use of \__siunitx_table_print
_format_auxi:w.
<inserted text> 
                \par 
l.54  & QQN-MoreThuente &
                          0.00e0 & 0.00e0 & 0.00e0 & 0.00e0 & 13.0 & 100.0 &...
I suspect you have forgotten a `}', causing me
to read past where you wanted me to stop.
I'll try to recover; but if the error is serious,
you'd better type `E' or `X' now and fix your file.

! Missing \endgroup inserted.
<inserted text> 
                \endgroup 
l.54  & QQN-MoreThuente &
                          0.00e0 & 0.00e0 & 0.00e0 & 0.00e0 & 13.0 & 100.0 &...
I've inserted something that you may have forgotten.
(See the <inserted text> above.)
With luck, this will get me unwedged. But if you
really didn't forget anything, try typing `2' now; then
my insertion and my current dilemma will both disappear.


Overfull \hbox (5.00002pt too wide) detected at line 54
$\OT1/cmr/m/n/10 100$
 []


Overfull \hbox (5.00002pt too wide) detected at line 55
$\OML/cmm/m/it/10 :\OT1/cmr/m/n/10 000$ $ []$
 []


! Package siunitx Error: Invalid number '-'.

For immediate help type H <return>.
 ...                                              
                                                  
l.55  & L-BFGS &
                 0.00e0 & 0.00e0 & 0.00e0 & 0.00e0 & 15.0 & 100.0 & 0.000 \\

The input '-' could not be parsed as a number following the format defined in
module documentation.


Runaway argument?
\q_stop \hbox_set:Nn \l__siunitx_table_tmp_box {\l__siunitx_table_after_model_t
l \ETC.
! Forbidden control sequence found while scanning use of \__siunitx_table_print
_format_auxi:w.
<inserted text> 
                \par 
l.55  & L-BFGS &
                 0.00e0 & 0.00e0 & 0.00e0 & 0.00e0 & 15.0 & 100.0 & 0.000 \\
I suspect you have forgotten a `}', causing me
to read past where you wanted me to stop.
I'll try to recover; but if the error is serious,
you'd better type `E' or `X' now and fix your file.

! Missing \endgroup inserted.
<inserted text> 
                \endgroup 
l.55  & L-BFGS &
                 0.00e0 & 0.00e0 & 0.00e0 & 0.00e0 & 15.0 & 100.0 & 0.000 \\
I've inserted something that you may have forgotten.
(See the <inserted text> above.)
With luck, this will get me unwedged. But if you
really didn't forget anything, try typing `2' now; then
my insertion and my current dilemma will both disappear.


Overfull \hbox (5.00002pt too wide) detected at line 55
$\OT1/cmr/m/n/10 100$
 []


Overfull \hbox (5.00002pt too wide) detected at line 56
$\OML/cmm/m/it/10 :\OT1/cmr/m/n/10 000$ $ []$
 []


! Package siunitx Error: Invalid number '-'.

For immediate help type H <return>.
 ...                                              
                                                  
l.56  & QQN-Backtracking &
                           0.00e0 & 0.00e0 & 0.00e0 & 0.00e0 & 12.0 & 100.0 ...


The input '-' could not be parsed as a number following the format defined in
module documentation.


Runaway argument?
\q_stop \hbox_set:Nn \l__siunitx_table_tmp_box {\l__siunitx_table_after_model_t
l \ETC.
! Forbidden control sequence found while scanning use of \__siunitx_table_print
_format_auxi:w.
<inserted text> 
                \par 
l.56  & QQN-Backtracking &
                           0.00e0 & 0.00e0 & 0.00e0 & 0.00e0 & 12.0 & 100.0 ...
I suspect you have forgotten a `}', causing me
to read past where you wanted me to stop.
I'll try to recover; but if the error is serious,
you'd better type `E' or `X' now and fix your file.

! Missing \endgroup inserted.
<inserted text> 
                \endgroup 
l.56  & QQN-Backtracking &
                           0.00e0 & 0.00e0 & 0.00e0 & 0.00e0 & 12.0 & 100.0 ...
I've inserted something that you may have forgotten.
(See the <inserted text> above.)
With luck, this will get me unwedged. But if you
really didn't forget anything, try typing `2' now; then
my insertion and my current dilemma will both disappear.


Overfull \hbox (5.00002pt too wide) detected at line 56
$\OT1/cmr/m/n/10 100$
 []


Overfull \hbox (5.00002pt too wide) detected at line 57
$\OML/cmm/m/it/10 :\OT1/cmr/m/n/10 000$ $ []$
 []


! Package siunitx Error: Invalid number '-'.

For immediate help type H <return>.
 ...                                              
                                                  
l.57  & QQN-StrongWolfe &
                          0.00e0 & 0.00e0 & 0.00e0 & 0.00e0 & 12.0 & 100.0 &...


The input '-' could not be parsed as a number following the format defined in
module documentation.


Runaway argument?
\q_stop \hbox_set:Nn \l__siunitx_table_tmp_box {\l__siunitx_table_after_model_t
l \ETC.
! Forbidden control sequence found while scanning use of \__siunitx_table_print
_format_auxi:w.
<inserted text> 
                \par 
l.57  & QQN-StrongWolfe &
                          0.00e0 & 0.00e0 & 0.00e0 & 0.00e0 & 12.0 & 100.0 &...
I suspect you have forgotten a `}', causing me
to read past where you wanted me to stop.
I'll try to recover; but if the error is serious,
you'd better type `E' or `X' now and fix your file.

! Missing \endgroup inserted.
<inserted text> 
                \endgroup 
l.57  & QQN-StrongWolfe &
                          0.00e0 & 0.00e0 & 0.00e0 & 0.00e0 & 12.0 & 100.0 &...
I've inserted something that you may have forgotten.
(See the <inserted text> above.)
With luck, this will get me unwedged. But if you
really didn't forget anything, try typing `2' now; then
my insertion and my current dilemma will both disappear.


Overfull \hbox (5.00002pt too wide) detected at line 57
$\OT1/cmr/m/n/10 100$
 []


Overfull \hbox (5.00002pt too wide) detected at line 58
$\OML/cmm/m/it/10 :\OT1/cmr/m/n/10 000$ $ []$
 []


! Package siunitx Error: Invalid number '-'.

For immediate help type H <return>.
 ...                                              
                                                  
l.58  & QQN-Bisection-1 &
                          0.00e0 & 0.00e0 & 0.00e0 & 0.00e0 & 16.0 & 100.0 &...


The input '-' could not be parsed as a number following the format defined in
module documentation.


Runaway argument?
\q_stop \hbox_set:Nn \l__siunitx_table_tmp_box {\l__siunitx_table_after_model_t
l \ETC.
! Forbidden control sequence found while scanning use of \__siunitx_table_print
_format_auxi:w.
<inserted text> 
                \par 
l.58  & QQN-Bisection-1 &
                          0.00e0 & 0.00e0 & 0.00e0 & 0.00e0 & 16.0 & 100.0 &...
I suspect you have forgotten a `}', causing me
to read past where you wanted me to stop.
I'll try to recover; but if the error is serious,
you'd better type `E' or `X' now and fix your file.

! Missing \endgroup inserted.
<inserted text> 
                \endgroup 
l.58  & QQN-Bisection-1 &
                          0.00e0 & 0.00e0 & 0.00e0 & 0.00e0 & 16.0 & 100.0 &...
I've inserted something that you may have forgotten.
(See the <inserted text> above.)
With luck, this will get me unwedged. But if you
really didn't forget anything, try typing `2' now; then
my insertion and my current dilemma will both disappear.


Overfull \hbox (5.00002pt too wide) detected at line 58
$\OT1/cmr/m/n/10 100$
 []


Overfull \hbox (5.00002pt too wide) detected at line 59
$\OML/cmm/m/it/10 :\OT1/cmr/m/n/10 000$ $ []$
 []


! Package siunitx Error: Invalid number '-'.

For immediate help type H <return>.
 ...                                              
                                                  
l.59  & QQN-GoldenSection &
                            1.65e-13 & 9.45e-15 & 1.45e-13 & 1.84e-13 & 47.0...


The input '-' could not be parsed as a number following the format defined in
module documentation.


Runaway argument?
\q_stop \hbox_set:Nn \l__siunitx_table_tmp_box {\l__siunitx_table_after_model_t
l \ETC.
! Forbidden control sequence found while scanning use of \__siunitx_table_print
_format_auxi:w.
<inserted text> 
                \par 
l.59  & QQN-GoldenSection &
                            1.65e-13 & 9.45e-15 & 1.45e-13 & 1.84e-13 & 47.0...
I suspect you have forgotten a `}', causing me
to read past where you wanted me to stop.
I'll try to recover; but if the error is serious,
you'd better type `E' or `X' now and fix your file.

! Missing \endgroup inserted.
<inserted text> 
                \endgroup 
l.59  & QQN-GoldenSection &
                            1.65e-13 & 9.45e-15 & 1.45e-13 & 1.84e-13 & 47.0...
I've inserted something that you may have forgotten.
(See the <inserted text> above.)
With luck, this will get me unwedged. But if you
really didn't forget anything, try typing `2' now; then
my insertion and my current dilemma will both disappear.


Overfull \hbox (5.00002pt too wide) detected at line 59
$\OT1/cmr/m/n/10 100$
 []


Overfull \hbox (5.00002pt too wide) detected at line 60
$\OML/cmm/m/it/10 :\OT1/cmr/m/n/10 000$ $ []$
 []


! Package siunitx Error: Invalid number 'D-'.

For immediate help type H <return>.
 ...                                              
                                                  
l.60  & GD-WeightDecay &
                         3.68e-10 & 1.48e-11 & 3.47e-10 & 3.97e-10 & 170.7 &...


The input 'D-' could not be parsed as a number following the format defined in
module documentation.


Runaway argument?
\q_stop \hbox_set:Nn \l__siunitx_table_tmp_box {\l__siunitx_table_after_model_t
l \ETC.
! Forbidden control sequence found while scanning use of \__siunitx_table_print
_format_auxi:w.
<inserted text> 
                \par 
l.60  & GD-WeightDecay &
                         3.68e-10 & 1.48e-11 & 3.47e-10 & 3.97e-10 & 170.7 &...
I suspect you have forgotten a `}', causing me
to read past where you wanted me to stop.
I'll try to recover; but if the error is serious,
you'd better type `E' or `X' now and fix your file.

! Missing \endgroup inserted.
<inserted text> 
                \endgroup 
l.60  & GD-WeightDecay &
                         3.68e-10 & 1.48e-11 & 3.47e-10 & 3.97e-10 & 170.7 &...
I've inserted something that you may have forgotten.
(See the <inserted text> above.)
With luck, this will get me unwedged. But if you
really didn't forget anything, try typing `2' now; then
my insertion and my current dilemma will both disappear.


Overfull \hbox (5.00002pt too wide) detected at line 60
$\OT1/cmr/m/n/10 170$
 []


Overfull \hbox (5.00002pt too wide) detected at line 60
$\OT1/cmr/m/n/10 100$
 []


Overfull \hbox (5.00002pt too wide) detected at line 61
$\OML/cmm/m/it/10 :\OT1/cmr/m/n/10 006$ $ []$
 []


! Package siunitx Error: Invalid number '-'.

For immediate help type H <return>.
 ...                                              
                                                  
l.61  & L-BFGS-Conservative &
                              2.50e-7 & 2.85e-7 & 1.07e-12 & 8.35e-7 & 557.0...


The input '-' could not be parsed as a number following the format defined in
module documentation.


Runaway argument?
\q_stop \hbox_set:Nn \l__siunitx_table_tmp_box {\l__siunitx_table_after_model_t
l \ETC.
! Forbidden control sequence found while scanning use of \__siunitx_table_print
_format_auxi:w.
<inserted text> 
                \par 
l.61  & L-BFGS-Conservative &
                              2.50e-7 & 2.85e-7 & 1.07e-12 & 8.35e-7 & 557.0...
I suspect you have forgotten a `}', causing me
to read past where you wanted me to stop.
I'll try to recover; but if the error is serious,
you'd better type `E' or `X' now and fix your file.

! Missing \endgroup inserted.
<inserted text> 
                \endgroup 
l.61  & L-BFGS-Conservative &
                              2.50e-7 & 2.85e-7 & 1.07e-12 & 8.35e-7 & 557.0...
I've inserted something that you may have forgotten.
(See the <inserted text> above.)
With luck, this will get me unwedged. But if you
really didn't forget anything, try typing `2' now; then
my insertion and my current dilemma will both disappear.


Overfull \hbox (5.00002pt too wide) detected at line 61
$\OT1/cmr/m/n/10 557$
 []


Overfull \hbox (5.00002pt too wide) detected at line 62
$\OML/cmm/m/it/10 :\OT1/cmr/m/n/10 015$ $ []$
 []


! Package siunitx Error: Invalid number 'D'.

For immediate help type H <return>.
 ...                                              
                                                  
l.62  & GD &
             1.51e-5 & 1.18e-6 & 1.19e-5 & 1.79e-5 & 335.0 & 0.0 & 0.009 \\

The input 'D' could not be parsed as a number following the format defined in
module documentation.


Runaway argument?
\q_stop \hbox_set:Nn \l__siunitx_table_tmp_box {\l__siunitx_table_after_model_t
l \ETC.
! Forbidden control sequence found while scanning use of \__siunitx_table_print
_format_auxi:w.
<inserted text> 
                \par 
l.62  & GD &
             1.51e-5 & 1.18e-6 & 1.19e-5 & 1.79e-5 & 335.0 & 0.0 & 0.009 \\
(That makes 100 errors; please try again.) 
Here is how much of TeX's memory you used:
 7562 strings out of 474222
 179277 string characters out of 5748733
 1973975 words of memory out of 5000000
 29768 multiletter control sequences out of 15000+600000
 558377 words of font info for 37 fonts, out of 8000000 for 9000
 1141 hyphenation exceptions out of 8191
 86i,9n,93p,291b,530s stack positions out of 10000i,1000n,20000p,200000b,200000s

!  ==> Fatal error occurred, no output PDF file produced!
