This is pdfTeX, Version 3.141592653-2.6-1.40.25 (TeX Live 2023/Debian) (preloaded format=pdflatex 2025.7.24)  28 JUL 2025 10:17
entering extended mode
 restricted \write18 enabled.
 %&-line parsing enabled.
**summary_statistics.tex
(./summary_statistics.tex
LaTeX2e <2023-11-01> patch level 1
L3 programming layer <2024-01-22>
(/usr/share/texlive/texmf-dist/tex/latex/base/article.cls
Document Class: article 2023/05/17 v1.4n Standard LaTeX document class
(/usr/share/texlive/texmf-dist/tex/latex/base/size10.clo
File: size10.clo 2023/05/17 v1.4n Standard LaTeX file (size option)
)
\c@part=\count187
\c@section=\count188
\c@subsection=\count189
\c@subsubsection=\count190
\c@paragraph=\count191
\c@subparagraph=\count192
\c@figure=\count193
\c@table=\count194
\abovecaptionskip=\skip48
\belowcaptionskip=\skip49
\bibindent=\dimen140
)
(/usr/share/texlive/texmf-dist/tex/latex/booktabs/booktabs.sty
Package: booktabs 2020/01/12 v1.61803398 Publication quality tables
\heavyrulewidth=\dimen141
\lightrulewidth=\dimen142
\cmidrulewidth=\dimen143
\belowrulesep=\dimen144
\belowbottomsep=\dimen145
\aboverulesep=\dimen146
\abovetopsep=\dimen147
\cmidrulesep=\dimen148
\cmidrulekern=\dimen149
\defaultaddspace=\dimen150
\@cmidla=\count195
\@cmidlb=\count196
\@aboverulesep=\dimen151
\@belowrulesep=\dimen152
\@thisruleclass=\count197
\@lastruleclass=\count198
\@thisrulewidth=\dimen153
)
(/usr/share/texlive/texmf-dist/tex/latex/tools/array.sty
Package: array 2023/10/16 v2.5g Tabular extension package (FMi)
\col@sep=\dimen154
\ar@mcellbox=\box51
\extrarowheight=\dimen155
\NC@list=\toks17
\extratabsurround=\skip50
\backup@length=\skip51
\ar@cellbox=\box52
)
(/usr/share/texlive/texmf-dist/tex/latex/siunitx/siunitx.sty
Package: siunitx 2024-01-25 v3.3.10 A comprehensive (SI) units package
\l__siunitx_number_uncert_offset_int=\count199
\l__siunitx_number_exponent_fixed_int=\count266
\l__siunitx_number_min_decimal_int=\count267
\l__siunitx_number_min_integer_int=\count268
\l__siunitx_number_round_precision_int=\count269
\l__siunitx_number_lower_threshold_int=\count270
\l__siunitx_number_upper_threshold_int=\count271
\l__siunitx_number_group_first_int=\count272
\l__siunitx_number_group_size_int=\count273
\l__siunitx_number_group_minimum_int=\count274
\l__siunitx_angle_tmp_dim=\dimen156
\l__siunitx_angle_marker_box=\box53
\l__siunitx_angle_unit_box=\box54
\l__siunitx_compound_count_int=\count275

(/usr/share/texlive/texmf-dist/tex/latex/translations/translations.sty
Package: translations 2022/02/05 v1.12 internationalization of LaTeX2e packages
 (CN)

(/usr/share/texlive/texmf-dist/tex/latex/etoolbox/etoolbox.sty
Package: etoolbox 2020/10/05 v2.5k e-TeX tools for LaTeX (JAW)
\etb@tempcnta=\count276
)
(/usr/share/texlive/texmf-dist/tex/generic/pdftexcmds/pdftexcmds.sty
Package: pdftexcmds 2020-06-27 v0.33 Utility functions of pdfTeX for LuaTeX (HO
)

(/usr/share/texlive/texmf-dist/tex/generic/infwarerr/infwarerr.sty
Package: infwarerr 2019/12/03 v1.5 Providing info/warning/error messages (HO)
)
(/usr/share/texlive/texmf-dist/tex/generic/iftex/iftex.sty
Package: iftex 2022/02/03 v1.0f TeX engine tests
)
(/usr/share/texlive/texmf-dist/tex/generic/ltxcmds/ltxcmds.sty
Package: ltxcmds 2023-12-04 v1.26 LaTeX kernel commands for general use (HO)
)
Package pdftexcmds Info: \pdf@primitive is available.
Package pdftexcmds Info: \pdf@ifprimitive is available.
Package pdftexcmds Info: \pdfdraftmode found.
))
(/usr/share/texlive/texmf-dist/tex/latex/amsmath/amstext.sty
Package: amstext 2021/08/26 v2.01 AMS text

(/usr/share/texlive/texmf-dist/tex/latex/amsmath/amsgen.sty
File: amsgen.sty 1999/11/30 v2.0 generic functions
\@emptytoks=\toks18
\ex@=\dimen157
))
\l__siunitx_table_tmp_box=\box55
\l__siunitx_table_tmp_dim=\dimen158
\l__siunitx_table_column_width_dim=\dimen159
\l__siunitx_table_integer_box=\box56
\l__siunitx_table_decimal_box=\box57
\l__siunitx_table_uncert_box=\box58
\l__siunitx_table_before_box=\box59
\l__siunitx_table_after_box=\box60
\l__siunitx_table_before_dim=\dimen160
\l__siunitx_table_carry_dim=\dimen161
\l__siunitx_unit_tmp_int=\count277
\l__siunitx_unit_position_int=\count278
\l__siunitx_unit_total_int=\count279
)
(/usr/share/texlive/texmf-dist/tex/latex/multirow/multirow.sty
Package: multirow 2021/03/15 v2.8 Span multiple rows of a table
\multirow@colwidth=\skip52
\multirow@cntb=\count280
\multirow@dima=\skip53
\bigstrutjot=\dimen162
)
(/usr/share/texlive/texmf-dist/tex/latex/adjustbox/adjustbox.sty
Package: adjustbox 2022/10/17 v1.3a Adjusting TeX boxes (trim, clip, ...)

(/usr/share/texlive/texmf-dist/tex/latex/xkeyval/xkeyval.sty
Package: xkeyval 2022/06/16 v2.9 package option processing (HA)

(/usr/share/texlive/texmf-dist/tex/generic/xkeyval/xkeyval.tex
(/usr/share/texlive/texmf-dist/tex/generic/xkeyval/xkvutils.tex
\XKV@toks=\toks19
\XKV@tempa@toks=\toks20

(/usr/share/texlive/texmf-dist/tex/generic/xkeyval/keyval.tex))
\XKV@depth=\count281
File: xkeyval.tex 2014/12/03 v2.7a key=value parser (HA)
))
(/usr/share/texlive/texmf-dist/tex/latex/adjustbox/adjcalc.sty
Package: adjcalc 2012/05/16 v1.1 Provides advanced setlength with multiple back
-ends (calc, etex, pgfmath)
)
(/usr/share/texlive/texmf-dist/tex/latex/adjustbox/trimclip.sty
Package: trimclip 2020/08/19 v1.2 Trim and clip general TeX material

(/usr/share/texlive/texmf-dist/tex/latex/graphics/graphicx.sty
Package: graphicx 2021/09/16 v1.2d Enhanced LaTeX Graphics (DPC,SPQR)

(/usr/share/texlive/texmf-dist/tex/latex/graphics/graphics.sty
Package: graphics 2022/03/10 v1.4e Standard LaTeX Graphics (DPC,SPQR)

(/usr/share/texlive/texmf-dist/tex/latex/graphics/trig.sty
Package: trig 2021/08/11 v1.11 sin cos tan (DPC)
)
(/usr/share/texlive/texmf-dist/tex/latex/graphics-cfg/graphics.cfg
File: graphics.cfg 2016/06/04 v1.11 sample graphics configuration
)
Package graphics Info: Driver file: pdftex.def on input line 107.

(/usr/share/texlive/texmf-dist/tex/latex/graphics-def/pdftex.def
File: pdftex.def 2022/09/22 v1.2b Graphics/color driver for pdftex
))
\Gin@req@height=\dimen163
\Gin@req@width=\dimen164
)
(/usr/share/texlive/texmf-dist/tex/latex/collectbox/collectbox.sty
Package: collectbox 2022/10/17 v0.4c Collect macro arguments as boxes
\collectedbox=\box61
)
\tc@llx=\dimen165
\tc@lly=\dimen166
\tc@urx=\dimen167
\tc@ury=\dimen168
Package trimclip Info: Using driver 'tc-pdftex.def'.

(/usr/share/texlive/texmf-dist/tex/latex/adjustbox/tc-pdftex.def
File: tc-pdftex.def 2019/01/04 v2.2 Clipping driver for pdftex
))
\adjbox@Width=\dimen169
\adjbox@Height=\dimen170
\adjbox@Depth=\dimen171
\adjbox@Totalheight=\dimen172
\adjbox@pwidth=\dimen173
\adjbox@pheight=\dimen174
\adjbox@pdepth=\dimen175
\adjbox@ptotalheight=\dimen176

(/usr/share/texlive/texmf-dist/tex/latex/ifoddpage/ifoddpage.sty
Package: ifoddpage 2022/10/18 v1.2 Conditionals for odd/even page detection
\c@checkoddpage=\count282
)
(/usr/share/texlive/texmf-dist/tex/latex/varwidth/varwidth.sty
Package: varwidth 2009/03/30 ver 0.92;  Variable-width minipages
\@vwid@box=\box62
\sift@deathcycles=\count283
\@vwid@loff=\dimen177
\@vwid@roff=\dimen178
))
Package translations Info: No language package found. I am going to use `englis
h' as default language. on input line 7.

(/usr/share/texlive/texmf-dist/tex/latex/graphics/color.sty
Package: color 2022/01/06 v1.3d Standard LaTeX Color (DPC)

(/usr/share/texlive/texmf-dist/tex/latex/graphics-cfg/color.cfg
File: color.cfg 2016/01/02 v1.6 sample color configuration
)
Package color Info: Driver file: pdftex.def on input line 149.

(/usr/share/texlive/texmf-dist/tex/latex/graphics/mathcolor.ltx))
(/usr/share/texlive/texmf-dist/tex/latex/l3backend/l3backend-pdftex.def
File: l3backend-pdftex.def 2024-01-04 L3 backend support: PDF output (pdfTeX)
\l__color_backend_stack_int=\count284
\l__pdf_internal_box=\box63
)
No file summary_statistics.aux.
\openout1 = `summary_statistics.aux'.

LaTeX Font Info:    Checking defaults for OML/cmm/m/it on input line 7.
LaTeX Font Info:    ... okay on input line 7.
LaTeX Font Info:    Checking defaults for OMS/cmsy/m/n on input line 7.
LaTeX Font Info:    ... okay on input line 7.
LaTeX Font Info:    Checking defaults for OT1/cmr/m/n on input line 7.
LaTeX Font Info:    ... okay on input line 7.
LaTeX Font Info:    Checking defaults for T1/cmr/m/n on input line 7.
LaTeX Font Info:    ... okay on input line 7.
LaTeX Font Info:    Checking defaults for TS1/cmr/m/n on input line 7.
LaTeX Font Info:    ... okay on input line 7.
LaTeX Font Info:    Checking defaults for OMX/cmex/m/n on input line 7.
LaTeX Font Info:    ... okay on input line 7.
LaTeX Font Info:    Checking defaults for U/cmr/m/n on input line 7.
LaTeX Font Info:    ... okay on input line 7.

(/usr/share/texlive/texmf-dist/tex/latex/translations/translations-basic-dictio
nary-english.trsl
File: translations-basic-dictionary-english.trsl (english translation file `tra
nslations-basic-dictionary')
)
Package translations Info: loading dictionary `translations-basic-dictionary' f
or `english'. on input line 7.

(/usr/share/texlive/texmf-dist/tex/context/base/mkii/supp-pdf.mkii
[Loading MPS to PDF converter (version 2006.09.02).]
\scratchcounter=\count285
\scratchdimen=\dimen179
\scratchbox=\box64
\nofMPsegments=\count286
\nofMParguments=\count287
\everyMPshowfont=\toks21
\MPscratchCnt=\count288
\MPscratchDim=\dimen180
\MPnumerator=\count289
\makeMPintoPDFobject=\count290
\everyMPtoPDFconversion=\toks22
) (/usr/share/texlive/texmf-dist/tex/latex/epstopdf-pkg/epstopdf-base.sty
Package: epstopdf-base 2020-01-24 v2.11 Base part for package epstopdf
Package epstopdf-base Info: Redefining graphics rule for `.eps' on input line 4
85.

(/usr/share/texlive/texmf-dist/tex/latex/latexconfig/epstopdf-sys.cfg
File: epstopdf-sys.cfg 2010/07/13 v1.3 Configuration of (r)epstopdf for TeX Liv
e
))
LaTeX Font Info:    External font `cmex10' loaded for size
(Font)              <7> on input line 13.
LaTeX Font Info:    External font `cmex10' loaded for size
(Font)              <5> on input line 13.

Overfull \hbox (5.00002pt too wide) detected at line 18
$\OT1/cmr/m/n/10 502$
 []


Overfull \hbox (5.00002pt too wide) detected at line 18
$\OT1/cmr/m/n/10 502$
 []


Overfull \hbox (5.00002pt too wide) detected at line 19
$\OML/cmm/m/it/10 :\OT1/cmr/m/n/10 010$ $ []$
 []


! Package siunitx Error: Invalid number '-'.

For immediate help type H <return>.
 ...                                              
                                                  
l.19  & QQN-Bisection-2 &
                          0.0 & inf & 0.0 & 0.0 & 0.000 \\

The input '-' could not be parsed as a number following the format defined in
module documentation.


Runaway argument?
\q_stop \hbox_set:Nn \l__siunitx_table_tmp_box {\l__siunitx_table_after_model_t
l \ETC.
! Forbidden control sequence found while scanning use of \__siunitx_table_print
_format_auxi:w.
<inserted text> 
                \par 
l.19  & QQN-Bisection-2 &
                          0.0 & inf & 0.0 & 0.0 & 0.000 \\
I suspect you have forgotten a `}', causing me
to read past where you wanted me to stop.
I'll try to recover; but if the error is serious,
you'd better type `E' or `X' now and fix your file.

! Missing \endgroup inserted.
<inserted text> 
                \endgroup 
l.19  & QQN-Bisection-2 &
                          0.0 & inf & 0.0 & 0.0 & 0.000 \\
I've inserted something that you may have forgotten.
(See the <inserted text> above.)
With luck, this will get me unwedged. But if you
really didn't forget anything, try typing `2' now; then
my insertion and my current dilemma will both disappear.


Overfull \hbox (5.00002pt too wide) detected at line 20
$\OML/cmm/m/it/10 :\OT1/cmr/m/n/10 000$ $ []$
 []


! Package siunitx Error: Invalid number '-'.

For immediate help type H <return>.
 ...                                              
                                                  
l.20  & QQN-CubicQuadraticInterpolation &
                                          0.0 & inf & 0.0 & 0.0 & 0.000 \\

The input '-' could not be parsed as a number following the format defined in
module documentation.


Runaway argument?
\q_stop \hbox_set:Nn \l__siunitx_table_tmp_box {\l__siunitx_table_after_model_t
l \ETC.
! Forbidden control sequence found while scanning use of \__siunitx_table_print
_format_auxi:w.
<inserted text> 
                \par 
l.20  & QQN-CubicQuadraticInterpolation &
                                          0.0 & inf & 0.0 & 0.0 & 0.000 \\
I suspect you have forgotten a `}', causing me
to read past where you wanted me to stop.
I'll try to recover; but if the error is serious,
you'd better type `E' or `X' now and fix your file.

! Missing \endgroup inserted.
<inserted text> 
                \endgroup 
l.20  & QQN-CubicQuadraticInterpolation &
                                          0.0 & inf & 0.0 & 0.0 & 0.000 \\
I've inserted something that you may have forgotten.
(See the <inserted text> above.)
With luck, this will get me unwedged. But if you
really didn't forget anything, try typing `2' now; then
my insertion and my current dilemma will both disappear.


Overfull \hbox (5.00002pt too wide) detected at line 21
$\OML/cmm/m/it/10 :\OT1/cmr/m/n/10 000$ $ []$
 []


! Package siunitx Error: Invalid number '-'.

For immediate help type H <return>.
 ...                                              
                                                  
l.21  & QQN-GoldenSection &
                            0.0 & inf & 0.0 & 0.0 & 0.000 \\

The input '-' could not be parsed as a number following the format defined in
module documentation.


Runaway argument?
\q_stop \hbox_set:Nn \l__siunitx_table_tmp_box {\l__siunitx_table_after_model_t
l \ETC.
! Forbidden control sequence found while scanning use of \__siunitx_table_print
_format_auxi:w.
<inserted text> 
                \par 
l.21  & QQN-GoldenSection &
                            0.0 & inf & 0.0 & 0.0 & 0.000 \\
I suspect you have forgotten a `}', causing me
to read past where you wanted me to stop.
I'll try to recover; but if the error is serious,
you'd better type `E' or `X' now and fix your file.

! Missing \endgroup inserted.
<inserted text> 
                \endgroup 
l.21  & QQN-GoldenSection &
                            0.0 & inf & 0.0 & 0.0 & 0.000 \\
I've inserted something that you may have forgotten.
(See the <inserted text> above.)
With luck, this will get me unwedged. But if you
really didn't forget anything, try typing `2' now; then
my insertion and my current dilemma will both disappear.


Overfull \hbox (5.00002pt too wide) detected at line 22
$\OML/cmm/m/it/10 :\OT1/cmr/m/n/10 000$ $ []$
 []


! Package siunitx Error: Invalid number 'd'.

For immediate help type H <return>.
 ...                                              
                                                  
l.22  & Adam-Fast &
                    0.0 & 1.48e0 & 31.8 & 30.8 & 0.001 \\

The input 'd' could not be parsed as a number following the format defined in
module documentation.


Runaway argument?
\q_stop \hbox_set:Nn \l__siunitx_table_tmp_box {\l__siunitx_table_after_model_t
l \ETC.
! Forbidden control sequence found while scanning use of \__siunitx_table_print
_format_auxi:w.
<inserted text> 
                \par 
l.22  & Adam-Fast &
                    0.0 & 1.48e0 & 31.8 & 30.8 & 0.001 \\
I suspect you have forgotten a `}', causing me
to read past where you wanted me to stop.
I'll try to recover; but if the error is serious,
you'd better type `E' or `X' now and fix your file.

! Missing \endgroup inserted.
<inserted text> 
                \endgroup 
l.22  & Adam-Fast &
                    0.0 & 1.48e0 & 31.8 & 30.8 & 0.001 \\
I've inserted something that you may have forgotten.
(See the <inserted text> above.)
With luck, this will get me unwedged. But if you
really didn't forget anything, try typing `2' now; then
my insertion and my current dilemma will both disappear.


Overfull \hbox (5.00002pt too wide) detected at line 23
$\OML/cmm/m/it/10 :\OT1/cmr/m/n/10 001$ $ []$
 []


! Package siunitx Error: Invalid number '-'.

For immediate help type H <return>.
 ...                                              
                                                  
l.23  & QQN-StrongWolfe &
                          0.0 & inf & 0.0 & 0.0 & 0.000 \\

The input '-' could not be parsed as a number following the format defined in
module documentation.


Runaway argument?
\q_stop \hbox_set:Nn \l__siunitx_table_tmp_box {\l__siunitx_table_after_model_t
l \ETC.
! Forbidden control sequence found while scanning use of \__siunitx_table_print
_format_auxi:w.
<inserted text> 
                \par 
l.23  & QQN-StrongWolfe &
                          0.0 & inf & 0.0 & 0.0 & 0.000 \\
I suspect you have forgotten a `}', causing me
to read past where you wanted me to stop.
I'll try to recover; but if the error is serious,
you'd better type `E' or `X' now and fix your file.

! Missing \endgroup inserted.
<inserted text> 
                \endgroup 
l.23  & QQN-StrongWolfe &
                          0.0 & inf & 0.0 & 0.0 & 0.000 \\
I've inserted something that you may have forgotten.
(See the <inserted text> above.)
With luck, this will get me unwedged. But if you
really didn't forget anything, try typing `2' now; then
my insertion and my current dilemma will both disappear.


Overfull \hbox (5.00002pt too wide) detected at line 24
$\OML/cmm/m/it/10 :\OT1/cmr/m/n/10 000$ $ []$
 []


! Package siunitx Error: Invalid number '-'.

For immediate help type H <return>.
 ...                                              
                                                  
l.24  & QQN-Bisection-1 &
                          0.0 & inf & 0.0 & 0.0 & 0.000 \\

The input '-' could not be parsed as a number following the format defined in
module documentation.


Runaway argument?
\q_stop \hbox_set:Nn \l__siunitx_table_tmp_box {\l__siunitx_table_after_model_t
l \ETC.
! Forbidden control sequence found while scanning use of \__siunitx_table_print
_format_auxi:w.
<inserted text> 
                \par 
l.24  & QQN-Bisection-1 &
                          0.0 & inf & 0.0 & 0.0 & 0.000 \\
I suspect you have forgotten a `}', causing me
to read past where you wanted me to stop.
I'll try to recover; but if the error is serious,
you'd better type `E' or `X' now and fix your file.

! Missing \endgroup inserted.
<inserted text> 
                \endgroup 
l.24  & QQN-Bisection-1 &
                          0.0 & inf & 0.0 & 0.0 & 0.000 \\
I've inserted something that you may have forgotten.
(See the <inserted text> above.)
With luck, this will get me unwedged. But if you
really didn't forget anything, try typing `2' now; then
my insertion and my current dilemma will both disappear.


Overfull \hbox (5.00002pt too wide) detected at line 25
$\OML/cmm/m/it/10 :\OT1/cmr/m/n/10 000$ $ []$
 []


! Package siunitx Error: Invalid number '-'.

For immediate help type H <return>.
 ...                                              
                                                  
l.25  & L-BFGS &
                 0.0 & inf & 0.0 & 0.0 & 0.000 \\

The input '-' could not be parsed as a number following the format defined in
module documentation.


Runaway argument?
\q_stop \hbox_set:Nn \l__siunitx_table_tmp_box {\l__siunitx_table_after_model_t
l \ETC.
! Forbidden control sequence found while scanning use of \__siunitx_table_print
_format_auxi:w.
<inserted text> 
                \par 
l.25  & L-BFGS &
                 0.0 & inf & 0.0 & 0.0 & 0.000 \\
I suspect you have forgotten a `}', causing me
to read past where you wanted me to stop.
I'll try to recover; but if the error is serious,
you'd better type `E' or `X' now and fix your file.

! Missing \endgroup inserted.
<inserted text> 
                \endgroup 
l.25  & L-BFGS &
                 0.0 & inf & 0.0 & 0.0 & 0.000 \\
I've inserted something that you may have forgotten.
(See the <inserted text> above.)
With luck, this will get me unwedged. But if you
really didn't forget anything, try typing `2' now; then
my insertion and my current dilemma will both disappear.


Overfull \hbox (5.00002pt too wide) detected at line 26
$\OML/cmm/m/it/10 :\OT1/cmr/m/n/10 000$ $ []$
 []


! Package siunitx Error: Invalid number 'D-'.

For immediate help type H <return>.
 ...                                              
                                                  
l.26  & GD-Momentum &
                      0.0 & 1.71e0 & 21.0 & 38.0 & 0.001 \\

The input 'D-' could not be parsed as a number following the format defined in
module documentation.


Runaway argument?
\q_stop \hbox_set:Nn \l__siunitx_table_tmp_box {\l__siunitx_table_after_model_t
l \ETC.
! Forbidden control sequence found while scanning use of \__siunitx_table_print
_format_auxi:w.
<inserted text> 
                \par 
l.26  & GD-Momentum &
                      0.0 & 1.71e0 & 21.0 & 38.0 & 0.001 \\
I suspect you have forgotten a `}', causing me
to read past where you wanted me to stop.
I'll try to recover; but if the error is serious,
you'd better type `E' or `X' now and fix your file.

! Missing \endgroup inserted.
<inserted text> 
                \endgroup 
l.26  & GD-Momentum &
                      0.0 & 1.71e0 & 21.0 & 38.0 & 0.001 \\
I've inserted something that you may have forgotten.
(See the <inserted text> above.)
With luck, this will get me unwedged. But if you
really didn't forget anything, try typing `2' now; then
my insertion and my current dilemma will both disappear.


Overfull \hbox (5.00002pt too wide) detected at line 27
$\OML/cmm/m/it/10 :\OT1/cmr/m/n/10 001$ $ []$
 []


! Package siunitx Error: Invalid number 'd'.

For immediate help type H <return>.
 ...                                              
                                                  
l.27  & Adam-WeightDecay &
                           0.0 & 1.26e0 & 502.0 & 502.0 & 0.011 \\

The input 'd' could not be parsed as a number following the format defined in
module documentation.


Runaway argument?
\q_stop \hbox_set:Nn \l__siunitx_table_tmp_box {\l__siunitx_table_after_model_t
l \ETC.
! Forbidden control sequence found while scanning use of \__siunitx_table_print
_format_auxi:w.
<inserted text> 
                \par 
l.27  & Adam-WeightDecay &
                           0.0 & 1.26e0 & 502.0 & 502.0 & 0.011 \\
I suspect you have forgotten a `}', causing me
to read past where you wanted me to stop.
I'll try to recover; but if the error is serious,
you'd better type `E' or `X' now and fix your file.

! Missing \endgroup inserted.
<inserted text> 
                \endgroup 
l.27  & Adam-WeightDecay &
                           0.0 & 1.26e0 & 502.0 & 502.0 & 0.011 \\
I've inserted something that you may have forgotten.
(See the <inserted text> above.)
With luck, this will get me unwedged. But if you
really didn't forget anything, try typing `2' now; then
my insertion and my current dilemma will both disappear.


Overfull \hbox (5.00002pt too wide) detected at line 27
$\OT1/cmr/m/n/10 502$
 []


Overfull \hbox (5.00002pt too wide) detected at line 27
$\OT1/cmr/m/n/10 502$
 []


Overfull \hbox (5.00002pt too wide) detected at line 28
$\OML/cmm/m/it/10 :\OT1/cmr/m/n/10 011$ $ []$
 []


! Package siunitx Error: Invalid number 'D-'.

For immediate help type H <return>.
 ...                                              
                                                  
l.28  & GD-Nesterov &
                      0.0 & 1.42e0 & 20.7 & 37.4 & 0.001 \\

The input 'D-' could not be parsed as a number following the format defined in
module documentation.


Runaway argument?
\q_stop \hbox_set:Nn \l__siunitx_table_tmp_box {\l__siunitx_table_after_model_t
l \ETC.
! Forbidden control sequence found while scanning use of \__siunitx_table_print
_format_auxi:w.
<inserted text> 
                \par 
l.28  & GD-Nesterov &
                      0.0 & 1.42e0 & 20.7 & 37.4 & 0.001 \\
I suspect you have forgotten a `}', causing me
to read past where you wanted me to stop.
I'll try to recover; but if the error is serious,
you'd better type `E' or `X' now and fix your file.

! Missing \endgroup inserted.
<inserted text> 
                \endgroup 
l.28  & GD-Nesterov &
                      0.0 & 1.42e0 & 20.7 & 37.4 & 0.001 \\
I've inserted something that you may have forgotten.
(See the <inserted text> above.)
With luck, this will get me unwedged. But if you
really didn't forget anything, try typing `2' now; then
my insertion and my current dilemma will both disappear.


Overfull \hbox (5.00002pt too wide) detected at line 29
$\OML/cmm/m/it/10 :\OT1/cmr/m/n/10 001$ $ []$
 []


! Package siunitx Error: Invalid number 'e'.

For immediate help type H <return>.
 ...                                              
                                                  
l.29  & Trust Region-Conservative &
                                    0.0 & 3.85e0 & 573.4 & 382.9 & 0.004 \\

The input 'e' could not be parsed as a number following the format defined in
module documentation.


Runaway argument?
\q_stop \hbox_set:Nn \l__siunitx_table_tmp_box {\l__siunitx_table_after_model_t
l \ETC.
! Forbidden control sequence found while scanning use of \__siunitx_table_print
_format_auxi:w.
<inserted text> 
                \par 
l.29  & Trust Region-Conservative &
                                    0.0 & 3.85e0 & 573.4 & 382.9 & 0.004 \\
I suspect you have forgotten a `}', causing me
to read past where you wanted me to stop.
I'll try to recover; but if the error is serious,
you'd better type `E' or `X' now and fix your file.

! Missing \endgroup inserted.
<inserted text> 
                \endgroup 
l.29  & Trust Region-Conservative &
                                    0.0 & 3.85e0 & 573.4 & 382.9 & 0.004 \\
I've inserted something that you may have forgotten.
(See the <inserted text> above.)
With luck, this will get me unwedged. But if you
really didn't forget anything, try typing `2' now; then
my insertion and my current dilemma will both disappear.


Overfull \hbox (5.00002pt too wide) detected at line 29
$\OT1/cmr/m/n/10 573$
 []


Overfull \hbox (5.00002pt too wide) detected at line 29
$\OT1/cmr/m/n/10 382$
 []


Overfull \hbox (5.00002pt too wide) detected at line 30
$\OML/cmm/m/it/10 :\OT1/cmr/m/n/10 004$ $ []$
 []


! Package siunitx Error: Invalid number 'D'.

For immediate help type H <return>.
 ...                                              
                                                  
l.30  & GD &
             0.0 & 1.13e0 & 299.6 & 596.4 & 0.007 \\

The input 'D' could not be parsed as a number following the format defined in
module documentation.


Runaway argument?
\q_stop \hbox_set:Nn \l__siunitx_table_tmp_box {\l__siunitx_table_after_model_t
l \ETC.
! Forbidden control sequence found while scanning use of \__siunitx_table_print
_format_auxi:w.
<inserted text> 
                \par 
l.30  & GD &
             0.0 & 1.13e0 & 299.6 & 596.4 & 0.007 \\
I suspect you have forgotten a `}', causing me
to read past where you wanted me to stop.
I'll try to recover; but if the error is serious,
you'd better type `E' or `X' now and fix your file.

! Missing \endgroup inserted.
<inserted text> 
                \endgroup 
l.30  & GD &
             0.0 & 1.13e0 & 299.6 & 596.4 & 0.007 \\
I've inserted something that you may have forgotten.
(See the <inserted text> above.)
With luck, this will get me unwedged. But if you
really didn't forget anything, try typing `2' now; then
my insertion and my current dilemma will both disappear.


Overfull \hbox (5.00002pt too wide) detected at line 30
$\OT1/cmr/m/n/10 299$
 []


Overfull \hbox (5.00002pt too wide) detected at line 30
$\OT1/cmr/m/n/10 596$
 []


Overfull \hbox (5.00002pt too wide) detected at line 31
$\OML/cmm/m/it/10 :\OT1/cmr/m/n/10 007$ $ []$
 []


! Package siunitx Error: Invalid number '-'.

For immediate help type H <return>.
 ...                                              
                                                  
l.31  & QQN-Backtracking &
                           0.0 & inf & 0.0 & 0.0 & 0.000 \\

The input '-' could not be parsed as a number following the format defined in
module documentation.


Runaway argument?
\q_stop \hbox_set:Nn \l__siunitx_table_tmp_box {\l__siunitx_table_after_model_t
l \ETC.
! Forbidden control sequence found while scanning use of \__siunitx_table_print
_format_auxi:w.
<inserted text> 
                \par 
l.31  & QQN-Backtracking &
                           0.0 & inf & 0.0 & 0.0 & 0.000 \\
I suspect you have forgotten a `}', causing me
to read past where you wanted me to stop.
I'll try to recover; but if the error is serious,
you'd better type `E' or `X' now and fix your file.

! Missing \endgroup inserted.
<inserted text> 
                \endgroup 
l.31  & QQN-Backtracking &
                           0.0 & inf & 0.0 & 0.0 & 0.000 \\
I've inserted something that you may have forgotten.
(See the <inserted text> above.)
With luck, this will get me unwedged. But if you
really didn't forget anything, try typing `2' now; then
my insertion and my current dilemma will both disappear.


Overfull \hbox (5.00002pt too wide) detected at line 32
$\OML/cmm/m/it/10 :\OT1/cmr/m/n/10 000$ $ []$
 []


! Package siunitx Error: Invalid number 'e'.

For immediate help type H <return>.
 ...                                              
                                                  
l.32  & Trust Region-Adaptive &
                                0.0 & 1.31e0 & 63.6 & 43.3 & 0.000 \\

The input 'e' could not be parsed as a number following the format defined in
module documentation.


Runaway argument?
\q_stop \hbox_set:Nn \l__siunitx_table_tmp_box {\l__siunitx_table_after_model_t
l \ETC.
! Forbidden control sequence found while scanning use of \__siunitx_table_print
_format_auxi:w.
<inserted text> 
                \par 
l.32  & Trust Region-Adaptive &
                                0.0 & 1.31e0 & 63.6 & 43.3 & 0.000 \\
I suspect you have forgotten a `}', causing me
to read past where you wanted me to stop.
I'll try to recover; but if the error is serious,
you'd better type `E' or `X' now and fix your file.

! Missing \endgroup inserted.
<inserted text> 
                \endgroup 
l.32  & Trust Region-Adaptive &
                                0.0 & 1.31e0 & 63.6 & 43.3 & 0.000 \\
I've inserted something that you may have forgotten.
(See the <inserted text> above.)
With luck, this will get me unwedged. But if you
really didn't forget anything, try typing `2' now; then
my insertion and my current dilemma will both disappear.


Overfull \hbox (5.00002pt too wide) detected at line 33
$\OML/cmm/m/it/10 :\OT1/cmr/m/n/10 000$ $ []$
 []


! Package siunitx Error: Invalid number '-'.

For immediate help type H <return>.
 ...                                              
                                                  
l.33  & L-BFGS-Conservative &
                              0.0 & 1.13e0 & 428.5 & 340.8 & 0.011 \\

The input '-' could not be parsed as a number following the format defined in
module documentation.


Runaway argument?
\q_stop \hbox_set:Nn \l__siunitx_table_tmp_box {\l__siunitx_table_after_model_t
l \ETC.
! Forbidden control sequence found while scanning use of \__siunitx_table_print
_format_auxi:w.
<inserted text> 
                \par 
l.33  & L-BFGS-Conservative &
                              0.0 & 1.13e0 & 428.5 & 340.8 & 0.011 \\
I suspect you have forgotten a `}', causing me
to read past where you wanted me to stop.
I'll try to recover; but if the error is serious,
you'd better type `E' or `X' now and fix your file.

! Missing \endgroup inserted.
<inserted text> 
                \endgroup 
l.33  & L-BFGS-Conservative &
                              0.0 & 1.13e0 & 428.5 & 340.8 & 0.011 \\
I've inserted something that you may have forgotten.
(See the <inserted text> above.)
With luck, this will get me unwedged. But if you
really didn't forget anything, try typing `2' now; then
my insertion and my current dilemma will both disappear.


Overfull \hbox (5.00002pt too wide) detected at line 33
$\OT1/cmr/m/n/10 428$
 []


Overfull \hbox (5.00002pt too wide) detected at line 33
$\OT1/cmr/m/n/10 340$
 []


Overfull \hbox (5.00002pt too wide) detected at line 34
$\OML/cmm/m/it/10 :\OT1/cmr/m/n/10 011$ $ []$
 []


! Package siunitx Error: Invalid number 'D-'.

For immediate help type H <return>.
 ...                                              
                                                  
l.34  & GD-WeightDecay &
                         0.0 & 1.13e0 & 49.2 & 94.5 & 0.001 \\

The input 'D-' could not be parsed as a number following the format defined in
module documentation.


Runaway argument?
\q_stop \hbox_set:Nn \l__siunitx_table_tmp_box {\l__siunitx_table_after_model_t
l \ETC.
! Forbidden control sequence found while scanning use of \__siunitx_table_print
_format_auxi:w.
<inserted text> 
                \par 
l.34  & GD-WeightDecay &
                         0.0 & 1.13e0 & 49.2 & 94.5 & 0.001 \\
I suspect you have forgotten a `}', causing me
to read past where you wanted me to stop.
I'll try to recover; but if the error is serious,
you'd better type `E' or `X' now and fix your file.

! Missing \endgroup inserted.
<inserted text> 
                \endgroup 
l.34  & GD-WeightDecay &
                         0.0 & 1.13e0 & 49.2 & 94.5 & 0.001 \\
I've inserted something that you may have forgotten.
(See the <inserted text> above.)
With luck, this will get me unwedged. But if you
really didn't forget anything, try typing `2' now; then
my insertion and my current dilemma will both disappear.


Overfull \hbox (5.00002pt too wide) detected at line 35
$\OML/cmm/m/it/10 :\OT1/cmr/m/n/10 001$ $ []$
 []


! Package siunitx Error: Invalid number 'd'.

For immediate help type H <return>.
 ...                                              
                                                  
l.35  & Adam-AMSGrad &
                       0.0 & 3.48e0 & 502.0 & 502.0 & 0.012 \\

The input 'd' could not be parsed as a number following the format defined in
module documentation.


Runaway argument?
\q_stop \hbox_set:Nn \l__siunitx_table_tmp_box {\l__siunitx_table_after_model_t
l \ETC.
! Forbidden control sequence found while scanning use of \__siunitx_table_print
_format_auxi:w.
<inserted text> 
                \par 
l.35  & Adam-AMSGrad &
                       0.0 & 3.48e0 & 502.0 & 502.0 & 0.012 \\
I suspect you have forgotten a `}', causing me
to read past where you wanted me to stop.
I'll try to recover; but if the error is serious,
you'd better type `E' or `X' now and fix your file.

! Missing \endgroup inserted.
<inserted text> 
                \endgroup 
l.35  & Adam-AMSGrad &
                       0.0 & 3.48e0 & 502.0 & 502.0 & 0.012 \\
I've inserted something that you may have forgotten.
(See the <inserted text> above.)
With luck, this will get me unwedged. But if you
really didn't forget anything, try typing `2' now; then
my insertion and my current dilemma will both disappear.


Overfull \hbox (5.00002pt too wide) detected at line 35
$\OT1/cmr/m/n/10 502$
 []


Overfull \hbox (5.00002pt too wide) detected at line 35
$\OT1/cmr/m/n/10 502$
 []


Overfull \hbox (5.00002pt too wide) detected at line 36
$\OML/cmm/m/it/10 :\OT1/cmr/m/n/10 012$ $ []$
 []


! Package siunitx Error: Invalid number '-'.

For immediate help type H <return>.
 ...                                              
                                                  
l.36  & L-BFGS-Aggressive &
                            0.0 & inf & 0.0 & 0.0 & 0.000 \\

The input '-' could not be parsed as a number following the format defined in
module documentation.


Runaway argument?
\q_stop \hbox_set:Nn \l__siunitx_table_tmp_box {\l__siunitx_table_after_model_t
l \ETC.
! Forbidden control sequence found while scanning use of \__siunitx_table_print
_format_auxi:w.
<inserted text> 
                \par 
l.36  & L-BFGS-Aggressive &
                            0.0 & inf & 0.0 & 0.0 & 0.000 \\
I suspect you have forgotten a `}', causing me
to read past where you wanted me to stop.
I'll try to recover; but if the error is serious,
you'd better type `E' or `X' now and fix your file.

! Missing \endgroup inserted.
<inserted text> 
                \endgroup 
l.36  & L-BFGS-Aggressive &
                            0.0 & inf & 0.0 & 0.0 & 0.000 \\
I've inserted something that you may have forgotten.
(See the <inserted text> above.)
With luck, this will get me unwedged. But if you
really didn't forget anything, try typing `2' now; then
my insertion and my current dilemma will both disappear.


Overfull \hbox (5.00002pt too wide) detected at line 37
$\OML/cmm/m/it/10 :\OT1/cmr/m/n/10 000$ $ []$
 []


! Package siunitx Error: Invalid number 'e'.

For immediate help type H <return>.
 ...                                              
                                                  
l.37  & Trust Region-Standard &
                                0.0 & 1.41e0 & 19.2 & 13.7 & 0.000 \\

The input 'e' could not be parsed as a number following the format defined in
module documentation.


Runaway argument?
\q_stop \hbox_set:Nn \l__siunitx_table_tmp_box {\l__siunitx_table_after_model_t
l \ETC.
! Forbidden control sequence found while scanning use of \__siunitx_table_print
_format_auxi:w.
<inserted text> 
                \par 
l.37  & Trust Region-Standard &
                                0.0 & 1.41e0 & 19.2 & 13.7 & 0.000 \\
I suspect you have forgotten a `}', causing me
to read past where you wanted me to stop.
I'll try to recover; but if the error is serious,
you'd better type `E' or `X' now and fix your file.

! Missing \endgroup inserted.
<inserted text> 
                \endgroup 
l.37  & Trust Region-Standard &
                                0.0 & 1.41e0 & 19.2 & 13.7 & 0.000 \\
I've inserted something that you may have forgotten.
(See the <inserted text> above.)
With luck, this will get me unwedged. But if you
really didn't forget anything, try typing `2' now; then
my insertion and my current dilemma will both disappear.


Overfull \hbox (5.00002pt too wide) detected at line 38
$\OML/cmm/m/it/10 :\OT1/cmr/m/n/10 000$ $ []$
 []


! Package siunitx Error: Invalid number '-'.

For immediate help type H <return>.
 ...                                              
                                                  
l.38  & QQN-MoreThuente &
                          0.0 & inf & 0.0 & 0.0 & 0.000 \\

The input '-' could not be parsed as a number following the format defined in
module documentation.


Runaway argument?
\q_stop \hbox_set:Nn \l__siunitx_table_tmp_box {\l__siunitx_table_after_model_t
l \ETC.
! Forbidden control sequence found while scanning use of \__siunitx_table_print
_format_auxi:w.
<inserted text> 
                \par 
l.38  & QQN-MoreThuente &
                          0.0 & inf & 0.0 & 0.0 & 0.000 \\
I suspect you have forgotten a `}', causing me
to read past where you wanted me to stop.
I'll try to recover; but if the error is serious,
you'd better type `E' or `X' now and fix your file.

! Missing \endgroup inserted.
<inserted text> 
                \endgroup 
l.38  & QQN-MoreThuente &
                          0.0 & inf & 0.0 & 0.0 & 0.000 \\
I've inserted something that you may have forgotten.
(See the <inserted text> above.)
With luck, this will get me unwedged. But if you
really didn't forget anything, try typing `2' now; then
my insertion and my current dilemma will both disappear.


Overfull \hbox (5.00002pt too wide) detected at line 39
$\OML/cmm/m/it/10 :\OT1/cmr/m/n/10 000$ $ []$
 []


Overfull \hbox (5.00002pt too wide) detected at line 40
$\OT1/cmr/m/n/10 100$
 []


Overfull \hbox (5.00002pt too wide) detected at line 40
$\OT1/cmr/m/n/10 135$
 []


Overfull \hbox (5.00002pt too wide) detected at line 40
$\OT1/cmr/m/n/10 128$
 []


Overfull \hbox (5.00002pt too wide) detected at line 41
$\OML/cmm/m/it/10 :\OT1/cmr/m/n/10 002$ $ []$
 []


! Package siunitx Error: Invalid number '-'.

For immediate help type H <return>.
 ...                                              
                                                  
l.41  & QQN-GoldenSection &
                            100.0 & 4.13e-26 & 229.8 & 33.1 & 0.003 \\

The input '-' could not be parsed as a number following the format defined in
module documentation.


Runaway argument?
\q_stop \hbox_set:Nn \l__siunitx_table_tmp_box {\l__siunitx_table_after_model_t
l \ETC.
! Forbidden control sequence found while scanning use of \__siunitx_table_print
_format_auxi:w.
<inserted text> 
                \par 
l.41  & QQN-GoldenSection &
                            100.0 & 4.13e-26 & 229.8 & 33.1 & 0.003 \\
I suspect you have forgotten a `}', causing me
to read past where you wanted me to stop.
I'll try to recover; but if the error is serious,
you'd better type `E' or `X' now and fix your file.

! Missing \endgroup inserted.
<inserted text> 
                \endgroup 
l.41  & QQN-GoldenSection &
                            100.0 & 4.13e-26 & 229.8 & 33.1 & 0.003 \\
I've inserted something that you may have forgotten.
(See the <inserted text> above.)
With luck, this will get me unwedged. But if you
really didn't forget anything, try typing `2' now; then
my insertion and my current dilemma will both disappear.


Overfull \hbox (5.00002pt too wide) detected at line 41
$\OT1/cmr/m/n/10 100$
 []


Overfull \hbox (5.00002pt too wide) detected at line 41
$\OT1/cmr/m/n/10 229$
 []


Overfull \hbox (5.00002pt too wide) detected at line 42
$\OML/cmm/m/it/10 :\OT1/cmr/m/n/10 003$ $ []$
 []


! Package siunitx Error: Invalid number '-'.

For immediate help type H <return>.
 ...                                              
                                                  
l.42  & QQN-Bisection-1 &
                          100.0 & 8.91e-15 & 198.2 & 212.5 & 0.003 \\

The input '-' could not be parsed as a number following the format defined in
module documentation.


Runaway argument?
\q_stop \hbox_set:Nn \l__siunitx_table_tmp_box {\l__siunitx_table_after_model_t
l \ETC.
! Forbidden control sequence found while scanning use of \__siunitx_table_print
_format_auxi:w.
<inserted text> 
                \par 
l.42  & QQN-Bisection-1 &
                          100.0 & 8.91e-15 & 198.2 & 212.5 & 0.003 \\
I suspect you have forgotten a `}', causing me
to read past where you wanted me to stop.
I'll try to recover; but if the error is serious,
you'd better type `E' or `X' now and fix your file.

! Missing \endgroup inserted.
<inserted text> 
                \endgroup 
l.42  & QQN-Bisection-1 &
                          100.0 & 8.91e-15 & 198.2 & 212.5 & 0.003 \\
I've inserted something that you may have forgotten.
(See the <inserted text> above.)
With luck, this will get me unwedged. But if you
really didn't forget anything, try typing `2' now; then
my insertion and my current dilemma will both disappear.


Overfull \hbox (5.00002pt too wide) detected at line 42
$\OT1/cmr/m/n/10 100$
 []


Overfull \hbox (5.00002pt too wide) detected at line 42
$\OT1/cmr/m/n/10 198$
 []


Overfull \hbox (5.00002pt too wide) detected at line 42
$\OT1/cmr/m/n/10 212$
 []


Overfull \hbox (5.00002pt too wide) detected at line 43
$\OML/cmm/m/it/10 :\OT1/cmr/m/n/10 003$ $ []$
 []


! Package siunitx Error: Invalid number '-'.

For immediate help type H <return>.
 ...                                              
                                                  
l.43  & QQN-MoreThuente &
                          100.0 & 1.52e-17 & 135.2 & 159.2 & 0.004 \\

The input '-' could not be parsed as a number following the format defined in
module documentation.


Runaway argument?
\q_stop \hbox_set:Nn \l__siunitx_table_tmp_box {\l__siunitx_table_after_model_t
l \ETC.
! Forbidden control sequence found while scanning use of \__siunitx_table_print
_format_auxi:w.
<inserted text> 
                \par 
l.43  & QQN-MoreThuente &
                          100.0 & 1.52e-17 & 135.2 & 159.2 & 0.004 \\
I suspect you have forgotten a `}', causing me
to read past where you wanted me to stop.
I'll try to recover; but if the error is serious,
you'd better type `E' or `X' now and fix your file.

! Missing \endgroup inserted.
<inserted text> 
                \endgroup 
l.43  & QQN-MoreThuente &
                          100.0 & 1.52e-17 & 135.2 & 159.2 & 0.004 \\
I've inserted something that you may have forgotten.
(See the <inserted text> above.)
With luck, this will get me unwedged. But if you
really didn't forget anything, try typing `2' now; then
my insertion and my current dilemma will both disappear.


Overfull \hbox (5.00002pt too wide) detected at line 43
$\OT1/cmr/m/n/10 100$
 []


Overfull \hbox (5.00002pt too wide) detected at line 43
$\OT1/cmr/m/n/10 135$
 []


Overfull \hbox (5.00002pt too wide) detected at line 43
$\OT1/cmr/m/n/10 159$
 []


Overfull \hbox (5.00002pt too wide) detected at line 44
$\OML/cmm/m/it/10 :\OT1/cmr/m/n/10 004$ $ []$
 []


! Package siunitx Error: Invalid number '-'.

For immediate help type H <return>.
 ...                                              
                                                  
l.44  & QQN-CubicQuadraticInterpolation &
                                          95.0 & 1.25e-14 & 151.5 & 192.1 & ...


The input '-' could not be parsed as a number following the format defined in
module documentation.


Runaway argument?
\q_stop \hbox_set:Nn \l__siunitx_table_tmp_box {\l__siunitx_table_after_model_t
l \ETC.
! Forbidden control sequence found while scanning use of \__siunitx_table_print
_format_auxi:w.
<inserted text> 
                \par 
l.44  & QQN-CubicQuadraticInterpolation &
                                          95.0 & 1.25e-14 & 151.5 & 192.1 & ...
I suspect you have forgotten a `}', causing me
to read past where you wanted me to stop.
I'll try to recover; but if the error is serious,
you'd better type `E' or `X' now and fix your file.

! Missing \endgroup inserted.
<inserted text> 
                \endgroup 
l.44  & QQN-CubicQuadraticInterpolation &
                                          95.0 & 1.25e-14 & 151.5 & 192.1 & ...
I've inserted something that you may have forgotten.
(See the <inserted text> above.)
With luck, this will get me unwedged. But if you
really didn't forget anything, try typing `2' now; then
my insertion and my current dilemma will both disappear.


Overfull \hbox (5.00002pt too wide) detected at line 44
$\OT1/cmr/m/n/10 151$
 []


Overfull \hbox (5.00002pt too wide) detected at line 44
$\OT1/cmr/m/n/10 192$
 []


Overfull \hbox (5.00002pt too wide) detected at line 45
$\OML/cmm/m/it/10 :\OT1/cmr/m/n/10 004$ $ []$
 []


! Package siunitx Error: Invalid number '-'.

For immediate help type H <return>.
 ...                                              
                                                  
l.45  & L-BFGS &
                 50.0 & 2.69e-2 & 396.3 & 220.6 & 0.007 \\

The input '-' could not be parsed as a number following the format defined in
module documentation.


Runaway argument?
\q_stop \hbox_set:Nn \l__siunitx_table_tmp_box {\l__siunitx_table_after_model_t
l \ETC.
! Forbidden control sequence found while scanning use of \__siunitx_table_print
_format_auxi:w.
<inserted text> 
                \par 
l.45  & L-BFGS &
                 50.0 & 2.69e-2 & 396.3 & 220.6 & 0.007 \\
I suspect you have forgotten a `}', causing me
to read past where you wanted me to stop.
I'll try to recover; but if the error is serious,
you'd better type `E' or `X' now and fix your file.

! Missing \endgroup inserted.
<inserted text> 
                \endgroup 
l.45  & L-BFGS &
                 50.0 & 2.69e-2 & 396.3 & 220.6 & 0.007 \\
I've inserted something that you may have forgotten.
(See the <inserted text> above.)
With luck, this will get me unwedged. But if you
really didn't forget anything, try typing `2' now; then
my insertion and my current dilemma will both disappear.


Overfull \hbox (5.00002pt too wide) detected at line 45
$\OT1/cmr/m/n/10 396$
 []


Overfull \hbox (5.00002pt too wide) detected at line 45
$\OT1/cmr/m/n/10 220$
 []


Overfull \hbox (5.00002pt too wide) detected at line 46
$\OML/cmm/m/it/10 :\OT1/cmr/m/n/10 007$ $ []$
 []


! Package siunitx Error: Invalid number '-'.

For immediate help type H <return>.
 ...                                              
                                                  
l.46  & QQN-Backtracking &
                           45.0 & 8.97e-2 & 322.6 & 269.5 & 0.011 \\

The input '-' could not be parsed as a number following the format defined in
module documentation.


Runaway argument?
\q_stop \hbox_set:Nn \l__siunitx_table_tmp_box {\l__siunitx_table_after_model_t
l \ETC.
! Forbidden control sequence found while scanning use of \__siunitx_table_print
_format_auxi:w.
<inserted text> 
                \par 
l.46  & QQN-Backtracking &
                           45.0 & 8.97e-2 & 322.6 & 269.5 & 0.011 \\
I suspect you have forgotten a `}', causing me
to read past where you wanted me to stop.
I'll try to recover; but if the error is serious,
you'd better type `E' or `X' now and fix your file.

! Missing \endgroup inserted.
<inserted text> 
                \endgroup 
l.46  & QQN-Backtracking &
                           45.0 & 8.97e-2 & 322.6 & 269.5 & 0.011 \\
I've inserted something that you may have forgotten.
(See the <inserted text> above.)
With luck, this will get me unwedged. But if you
really didn't forget anything, try typing `2' now; then
my insertion and my current dilemma will both disappear.


Overfull \hbox (5.00002pt too wide) detected at line 46
$\OT1/cmr/m/n/10 322$
 []


Overfull \hbox (5.00002pt too wide) detected at line 46
$\OT1/cmr/m/n/10 269$
 []


Overfull \hbox (5.00002pt too wide) detected at line 47
$\OML/cmm/m/it/10 :\OT1/cmr/m/n/10 011$ $ []$
 []


! Package siunitx Error: Invalid number '-'.

For immediate help type H <return>.
 ...                                              
                                                  
l.47  & L-BFGS-Conservative &
                              5.0 & 4.42e-8 & 555.5 & 444.8 & 0.013 \\

The input '-' could not be parsed as a number following the format defined in
module documentation.


Runaway argument?
\q_stop \hbox_set:Nn \l__siunitx_table_tmp_box {\l__siunitx_table_after_model_t
l \ETC.
! Forbidden control sequence found while scanning use of \__siunitx_table_print
_format_auxi:w.
<inserted text> 
                \par 
l.47  & L-BFGS-Conservative &
                              5.0 & 4.42e-8 & 555.5 & 444.8 & 0.013 \\
I suspect you have forgotten a `}', causing me
to read past where you wanted me to stop.
I'll try to recover; but if the error is serious,
you'd better type `E' or `X' now and fix your file.

! Missing \endgroup inserted.
<inserted text> 
                \endgroup 
l.47  & L-BFGS-Conservative &
                              5.0 & 4.42e-8 & 555.5 & 444.8 & 0.013 \\
I've inserted something that you may have forgotten.
(See the <inserted text> above.)
With luck, this will get me unwedged. But if you
really didn't forget anything, try typing `2' now; then
my insertion and my current dilemma will both disappear.


Overfull \hbox (5.00002pt too wide) detected at line 47
$\OT1/cmr/m/n/10 555$
 []


Overfull \hbox (5.00002pt too wide) detected at line 47
$\OT1/cmr/m/n/10 444$
 []


Overfull \hbox (5.00002pt too wide) detected at line 48
$\OML/cmm/m/it/10 :\OT1/cmr/m/n/10 013$ $ []$
 []


! Package siunitx Error: Invalid number 'e'.

For immediate help type H <return>.
 ...                                              
                                                  
l.48  & Trust Region-Conservative &
                                    0.0 & 7.12e1 & 602.0 & 402.0 & 0.004 \\

The input 'e' could not be parsed as a number following the format defined in
module documentation.


Runaway argument?
\q_stop \hbox_set:Nn \l__siunitx_table_tmp_box {\l__siunitx_table_after_model_t
l \ETC.
! Forbidden control sequence found while scanning use of \__siunitx_table_print
_format_auxi:w.
<inserted text> 
                \par 
l.48  & Trust Region-Conservative &
                                    0.0 & 7.12e1 & 602.0 & 402.0 & 0.004 \\
I suspect you have forgotten a `}', causing me
to read past where you wanted me to stop.
I'll try to recover; but if the error is serious,
you'd better type `E' or `X' now and fix your file.

! Missing \endgroup inserted.
<inserted text> 
                \endgroup 
l.48  & Trust Region-Conservative &
                                    0.0 & 7.12e1 & 602.0 & 402.0 & 0.004 \\
I've inserted something that you may have forgotten.
(See the <inserted text> above.)
With luck, this will get me unwedged. But if you
really didn't forget anything, try typing `2' now; then
my insertion and my current dilemma will both disappear.


Overfull \hbox (5.00002pt too wide) detected at line 48
$\OT1/cmr/m/n/10 602$
 []


Overfull \hbox (5.00002pt too wide) detected at line 48
$\OT1/cmr/m/n/10 402$
 []


Overfull \hbox (5.00002pt too wide) detected at line 49
$\OML/cmm/m/it/10 :\OT1/cmr/m/n/10 004$ $ []$
 []


! Package siunitx Error: Invalid number '-'.

For immediate help type H <return>.
 ...                                              
                                                  
l.49  & L-BFGS-Aggressive &
                            0.0 & 7.43e1 & 772.0 & 233.0 & 0.005 \\

The input '-' could not be parsed as a number following the format defined in
module documentation.


Runaway argument?
\q_stop \hbox_set:Nn \l__siunitx_table_tmp_box {\l__siunitx_table_after_model_t
l \ETC.
! Forbidden control sequence found while scanning use of \__siunitx_table_print
_format_auxi:w.
<inserted text> 
                \par 
l.49  & L-BFGS-Aggressive &
                            0.0 & 7.43e1 & 772.0 & 233.0 & 0.005 \\
I suspect you have forgotten a `}', causing me
to read past where you wanted me to stop.
I'll try to recover; but if the error is serious,
you'd better type `E' or `X' now and fix your file.

! Missing \endgroup inserted.
<inserted text> 
                \endgroup 
l.49  & L-BFGS-Aggressive &
                            0.0 & 7.43e1 & 772.0 & 233.0 & 0.005 \\
I've inserted something that you may have forgotten.
(See the <inserted text> above.)
With luck, this will get me unwedged. But if you
really didn't forget anything, try typing `2' now; then
my insertion and my current dilemma will both disappear.


Overfull \hbox (5.00002pt too wide) detected at line 49
$\OT1/cmr/m/n/10 772$
 []


Overfull \hbox (5.00002pt too wide) detected at line 49
$\OT1/cmr/m/n/10 233$
 []


Overfull \hbox (5.00002pt too wide) detected at line 50
$\OML/cmm/m/it/10 :\OT1/cmr/m/n/10 005$ $ []$
 []


! Package siunitx Error: Invalid number 'D-'.

For immediate help type H <return>.
 ...                                              
                                                  
l.50  & GD-Nesterov &
                      0.0 & 2.65e0 & 20.6 & 37.1 & 0.001 \\

The input 'D-' could not be parsed as a number following the format defined in
module documentation.


Runaway argument?
\q_stop \hbox_set:Nn \l__siunitx_table_tmp_box {\l__siunitx_table_after_model_t
l \ETC.
! Forbidden control sequence found while scanning use of \__siunitx_table_print
_format_auxi:w.
<inserted text> 
                \par 
l.50  & GD-Nesterov &
                      0.0 & 2.65e0 & 20.6 & 37.1 & 0.001 \\
I suspect you have forgotten a `}', causing me
to read past where you wanted me to stop.
I'll try to recover; but if the error is serious,
you'd better type `E' or `X' now and fix your file.

! Missing \endgroup inserted.
<inserted text> 
                \endgroup 
l.50  & GD-Nesterov &
                      0.0 & 2.65e0 & 20.6 & 37.1 & 0.001 \\
I've inserted something that you may have forgotten.
(See the <inserted text> above.)
With luck, this will get me unwedged. But if you
really didn't forget anything, try typing `2' now; then
my insertion and my current dilemma will both disappear.


Overfull \hbox (5.00002pt too wide) detected at line 51
$\OML/cmm/m/it/10 :\OT1/cmr/m/n/10 001$ $ []$
 []


! Package siunitx Error: Invalid number 'D'.

For immediate help type H <return>.
 ...                                              
                                                  
l.51  & GD &
             0.0 & 5.32e-6 & 335.0 & 668.0 & 0.008 \\

The input 'D' could not be parsed as a number following the format defined in
module documentation.


Runaway argument?
\q_stop \hbox_set:Nn \l__siunitx_table_tmp_box {\l__siunitx_table_after_model_t
l \ETC.
! Forbidden control sequence found while scanning use of \__siunitx_table_print
_format_auxi:w.
<inserted text> 
                \par 
l.51  & GD &
             0.0 & 5.32e-6 & 335.0 & 668.0 & 0.008 \\
I suspect you have forgotten a `}', causing me
to read past where you wanted me to stop.
I'll try to recover; but if the error is serious,
you'd better type `E' or `X' now and fix your file.

! Missing \endgroup inserted.
<inserted text> 
                \endgroup 
l.51  & GD &
             0.0 & 5.32e-6 & 335.0 & 668.0 & 0.008 \\
I've inserted something that you may have forgotten.
(See the <inserted text> above.)
With luck, this will get me unwedged. But if you
really didn't forget anything, try typing `2' now; then
my insertion and my current dilemma will both disappear.


Overfull \hbox (5.00002pt too wide) detected at line 51
$\OT1/cmr/m/n/10 335$
 []


Overfull \hbox (5.00002pt too wide) detected at line 51
$\OT1/cmr/m/n/10 668$
 []


Overfull \hbox (5.00002pt too wide) detected at line 52
$\OML/cmm/m/it/10 :\OT1/cmr/m/n/10 008$ $ []$
 []


! Package siunitx Error: Invalid number 'D-'.

For immediate help type H <return>.
 ...                                              
                                                  
l.52  & GD-WeightDecay &
                         0.0 & 1.29e0 & 39.3 & 74.8 & 0.001 \\

The input 'D-' could not be parsed as a number following the format defined in
module documentation.


Runaway argument?
\q_stop \hbox_set:Nn \l__siunitx_table_tmp_box {\l__siunitx_table_after_model_t
l \ETC.
! Forbidden control sequence found while scanning use of \__siunitx_table_print
_format_auxi:w.
<inserted text> 
                \par 
l.52  & GD-WeightDecay &
                         0.0 & 1.29e0 & 39.3 & 74.8 & 0.001 \\
I suspect you have forgotten a `}', causing me
to read past where you wanted me to stop.
I'll try to recover; but if the error is serious,
you'd better type `E' or `X' now and fix your file.

! Missing \endgroup inserted.
<inserted text> 
                \endgroup 
l.52  & GD-WeightDecay &
                         0.0 & 1.29e0 & 39.3 & 74.8 & 0.001 \\
I've inserted something that you may have forgotten.
(See the <inserted text> above.)
With luck, this will get me unwedged. But if you
really didn't forget anything, try typing `2' now; then
my insertion and my current dilemma will both disappear.


Overfull \hbox (5.00002pt too wide) detected at line 53
$\OML/cmm/m/it/10 :\OT1/cmr/m/n/10 001$ $ []$
 []


! Package siunitx Error: Invalid number 'd'.

For immediate help type H <return>.
 ...                                              
                                                  
l.53  & Adam &
               0.0 & 5.61e1 & 502.0 & 502.0 & 0.010 \\

The input 'd' could not be parsed as a number following the format defined in
module documentation.


Runaway argument?
\q_stop \hbox_set:Nn \l__siunitx_table_tmp_box {\l__siunitx_table_after_model_t
l \ETC.
! Forbidden control sequence found while scanning use of \__siunitx_table_print
_format_auxi:w.
<inserted text> 
                \par 
l.53  & Adam &
               0.0 & 5.61e1 & 502.0 & 502.0 & 0.010 \\
I suspect you have forgotten a `}', causing me
to read past where you wanted me to stop.
I'll try to recover; but if the error is serious,
you'd better type `E' or `X' now and fix your file.

! Missing \endgroup inserted.
<inserted text> 
                \endgroup 
l.53  & Adam &
               0.0 & 5.61e1 & 502.0 & 502.0 & 0.010 \\
I've inserted something that you may have forgotten.
(See the <inserted text> above.)
With luck, this will get me unwedged. But if you
really didn't forget anything, try typing `2' now; then
my insertion and my current dilemma will both disappear.


Overfull \hbox (5.00002pt too wide) detected at line 53
$\OT1/cmr/m/n/10 502$
 []


Overfull \hbox (5.00002pt too wide) detected at line 53
$\OT1/cmr/m/n/10 502$
 []


Overfull \hbox (5.00002pt too wide) detected at line 54
$\OML/cmm/m/it/10 :\OT1/cmr/m/n/10 010$ $ []$
 []


! Package siunitx Error: Invalid number 'd'.

For immediate help type H <return>.
 ...                                              
                                                  
l.54  & Adam-AMSGrad &
                       0.0 & 5.60e1 & 502.0 & 502.0 & 0.011 \\
(That makes 100 errors; please try again.) 
Here is how much of TeX's memory you used:
 7026 strings out of 474222
 172146 string characters out of 5748733
 1959975 words of memory out of 5000000
 29241 multiletter control sequences out of 15000+600000
 558377 words of font info for 37 fonts, out of 8000000 for 9000
 1141 hyphenation exceptions out of 8191
 86i,13n,93p,287b,530s stack positions out of 10000i,1000n,20000p,200000b,200000s

!  ==> Fatal error occurred, no output PDF file produced!
